2021-03-12T16:20:42.943-0800 [DEBUG] [org.gradle.launcher.daemon.bootstrap.DaemonMain] Assuming the daemon was started with following jvm opts: [-Xmx2048m, -Dfile.encoding=UTF-8, -Duser.country=US, -Duser.language=en, -Duser.variant]
2021-03-12T16:20:42.982-0800 [DEBUG] [org.gradle.internal.nativeintegration.services.NativeServices] Native-platform posix files integration is not available. Continuing with fallback.
2021-03-12T16:20:43.020-0800 [INFO] [org.gradle.launcher.daemon.server.Daemon] start() called on daemon - DefaultDaemonContext[uid=ce22baa6-a36f-4cd4-82d0-560095027d51,javaHome=C:\Program Files\Android\Android Studio1\jre,daemonRegistryDir=C:\Users\rajshekar\.gradle\daemon,pid=4344,idleTimeout=10800000,priority=NORMAL,daemonOpts=-Xmx2048m,-Dfile.encoding=UTF-8,-Duser.country=US,-Duser.language=en,-Duser.variant]
2021-03-12T16:20:43.394-0800 [DEBUG] [org.gradle.internal.remote.internal.inet.InetAddresses] Adding IP addresses for network interface Software Loopback Interface 1
2021-03-12T16:20:43.397-0800 [DEBUG] [org.gradle.internal.remote.internal.inet.InetAddresses] Is this a loopback interface? true
2021-03-12T16:20:43.399-0800 [DEBUG] [org.gradle.internal.remote.internal.inet.InetAddresses] Adding loopback address /127.0.0.1
2021-03-12T16:20:43.400-0800 [DEBUG] [org.gradle.internal.remote.internal.inet.InetAddresses] Adding loopback address /0:0:0:0:0:0:0:1
2021-03-12T16:20:43.402-0800 [DEBUG] [org.gradle.internal.remote.internal.inet.InetAddresses] Adding IP addresses for network interface Microsoft 6to4 Adapter
2021-03-12T16:20:43.405-0800 [DEBUG] [org.gradle.internal.remote.internal.inet.InetAddresses] Is this a loopback interface? false
2021-03-12T16:20:43.405-0800 [DEBUG] [org.gradle.internal.remote.internal.inet.InetAddresses] Adding IP addresses for network interface WAN Miniport (IPv6)
2021-03-12T16:20:43.407-0800 [DEBUG] [org.gradle.internal.remote.internal.inet.InetAddresses] Is this a loopback interface? false
2021-03-12T16:20:43.408-0800 [DEBUG] [org.gradle.internal.remote.internal.inet.InetAddresses] Adding IP addresses for network interface Realtek PCIe GbE Family Controller
2021-03-12T16:20:43.411-0800 [DEBUG] [org.gradle.internal.remote.internal.inet.InetAddresses] Is this a loopback interface? false
2021-03-12T16:20:43.411-0800 [DEBUG] [org.gradle.internal.remote.internal.inet.InetAddresses] Adding remote address /fe80:0:0:0:a5de:8c41:5cf8:5508%eth1
2021-03-12T16:20:43.411-0800 [DEBUG] [org.gradle.internal.remote.internal.inet.InetAddresses] Adding IP addresses for network interface Microsoft Wi-Fi Direct Virtual Adapter #2
2021-03-12T16:20:43.414-0800 [DEBUG] [org.gradle.internal.remote.internal.inet.InetAddresses] Is this a loopback interface? false
2021-03-12T16:20:43.414-0800 [DEBUG] [org.gradle.internal.remote.internal.inet.InetAddresses] Adding remote address /fe80:0:0:0:4986:511d:22ea:2067%wlan0
2021-03-12T16:20:43.414-0800 [DEBUG] [org.gradle.internal.remote.internal.inet.InetAddresses] Adding IP addresses for network interface WAN Miniport (Network Monitor)
2021-03-12T16:20:43.416-0800 [DEBUG] [org.gradle.internal.remote.internal.inet.InetAddresses] Is this a loopback interface? false
2021-03-12T16:20:43.417-0800 [DEBUG] [org.gradle.internal.remote.internal.inet.InetAddresses] Adding IP addresses for network interface Microsoft IP-HTTPS Platform Adapter
2021-03-12T16:20:43.419-0800 [DEBUG] [org.gradle.internal.remote.internal.inet.InetAddresses] Is this a loopback interface? false
2021-03-12T16:20:43.419-0800 [DEBUG] [org.gradle.internal.remote.internal.inet.InetAddresses] Adding IP addresses for network interface WAN Miniport (L2TP)
2021-03-12T16:20:43.422-0800 [DEBUG] [org.gradle.internal.remote.internal.inet.InetAddresses] Is this a loopback interface? false
2021-03-12T16:20:43.422-0800 [DEBUG] [org.gradle.internal.remote.internal.inet.InetAddresses] Adding IP addresses for network interface Microsoft Wi-Fi Direct Virtual Adapter
2021-03-12T16:20:43.424-0800 [DEBUG] [org.gradle.internal.remote.internal.inet.InetAddresses] Is this a loopback interface? false
2021-03-12T16:20:43.424-0800 [DEBUG] [org.gradle.internal.remote.internal.inet.InetAddresses] Adding remote address /fe80:0:0:0:148d:dd87:2924:bd4a%wlan1
2021-03-12T16:20:43.425-0800 [DEBUG] [org.gradle.internal.remote.internal.inet.InetAddresses] Adding IP addresses for network interface WAN Miniport (PPPOE)
2021-03-12T16:20:43.427-0800 [DEBUG] [org.gradle.internal.remote.internal.inet.InetAddresses] Is this a loopback interface? false
2021-03-12T16:20:43.427-0800 [DEBUG] [org.gradle.internal.remote.internal.inet.InetAddresses] Adding IP addresses for network interface Microsoft Teredo Tunneling Adapter
2021-03-12T16:20:43.429-0800 [DEBUG] [org.gradle.internal.remote.internal.inet.InetAddresses] Is this a loopback interface? false
2021-03-12T16:20:43.429-0800 [DEBUG] [org.gradle.internal.remote.internal.inet.InetAddresses] Adding IP addresses for network interface WAN Miniport (PPTP)
2021-03-12T16:20:43.431-0800 [DEBUG] [org.gradle.internal.remote.internal.inet.InetAddresses] Is this a loopback interface? false
2021-03-12T16:20:43.431-0800 [DEBUG] [org.gradle.internal.remote.internal.inet.InetAddresses] Adding IP addresses for network interface WAN Miniport (IKEv2)
2021-03-12T16:20:43.433-0800 [DEBUG] [org.gradle.internal.remote.internal.inet.InetAddresses] Is this a loopback interface? false
2021-03-12T16:20:43.434-0800 [DEBUG] [org.gradle.internal.remote.internal.inet.InetAddresses] Adding IP addresses for network interface VirtualBox Host-Only Ethernet Adapter
2021-03-12T16:20:43.436-0800 [DEBUG] [org.gradle.internal.remote.internal.inet.InetAddresses] Is this a loopback interface? false
2021-03-12T16:20:43.436-0800 [DEBUG] [org.gradle.internal.remote.internal.inet.InetAddresses] Adding remote address /192.168.56.1
2021-03-12T16:20:43.436-0800 [DEBUG] [org.gradle.internal.remote.internal.inet.InetAddresses] Adding remote address /fe80:0:0:0:554b:8aaa:ea7a:e673%eth3
2021-03-12T16:20:43.436-0800 [DEBUG] [org.gradle.internal.remote.internal.inet.InetAddresses] Adding IP addresses for network interface Intel(R) Wi-Fi 6 AX201 160MHz
2021-03-12T16:20:43.439-0800 [DEBUG] [org.gradle.internal.remote.internal.inet.InetAddresses] Is this a loopback interface? false
2021-03-12T16:20:43.439-0800 [DEBUG] [org.gradle.internal.remote.internal.inet.InetAddresses] Adding remote address /192.168.43.164
2021-03-12T16:20:43.439-0800 [DEBUG] [org.gradle.internal.remote.internal.inet.InetAddresses] Adding remote address /2405:204:5503:9c1d:6479:6b0:ebfd:8f88
2021-03-12T16:20:43.440-0800 [DEBUG] [org.gradle.internal.remote.internal.inet.InetAddresses] Adding remote address /2405:204:5503:9c1d:c8a8:ee7c:ab49:ffd2
2021-03-12T16:20:43.440-0800 [DEBUG] [org.gradle.internal.remote.internal.inet.InetAddresses] Adding remote address /fe80:0:0:0:6479:6b0:ebfd:8f88%wlan2
2021-03-12T16:20:43.440-0800 [DEBUG] [org.gradle.internal.remote.internal.inet.InetAddresses] Adding IP addresses for network interface WAN Miniport (IP)
2021-03-12T16:20:43.442-0800 [DEBUG] [org.gradle.internal.remote.internal.inet.InetAddresses] Is this a loopback interface? false
2021-03-12T16:20:43.443-0800 [DEBUG] [org.gradle.internal.remote.internal.inet.InetAddresses] Adding IP addresses for network interface Microsoft Kernel Debug Network Adapter
2021-03-12T16:20:43.445-0800 [DEBUG] [org.gradle.internal.remote.internal.inet.InetAddresses] Is this a loopback interface? false
2021-03-12T16:20:43.445-0800 [DEBUG] [org.gradle.internal.remote.internal.inet.InetAddresses] Adding IP addresses for network interface WAN Miniport (SSTP)
2021-03-12T16:20:43.448-0800 [DEBUG] [org.gradle.internal.remote.internal.inet.InetAddresses] Is this a loopback interface? false
2021-03-12T16:20:43.448-0800 [DEBUG] [org.gradle.internal.remote.internal.inet.InetAddresses] Adding IP addresses for network interface Bluetooth Device (Personal Area Network)
2021-03-12T16:20:43.450-0800 [DEBUG] [org.gradle.internal.remote.internal.inet.InetAddresses] Is this a loopback interface? false
2021-03-12T16:20:43.451-0800 [DEBUG] [org.gradle.internal.remote.internal.inet.InetAddresses] Adding remote address /fe80:0:0:0:65ee:7f97:1b76:63a8%eth6
2021-03-12T16:20:43.451-0800 [DEBUG] [org.gradle.internal.remote.internal.inet.InetAddresses] Adding IP addresses for network interface VirtualBox Host-Only Ethernet Adapter-WFP Native MAC Layer LightWeight Filter-0000
2021-03-12T16:20:43.453-0800 [DEBUG] [org.gradle.internal.remote.internal.inet.InetAddresses] Is this a loopback interface? false
2021-03-12T16:20:43.453-0800 [DEBUG] [org.gradle.internal.remote.internal.inet.InetAddresses] Adding IP addresses for network interface VirtualBox Host-Only Ethernet Adapter-QoS Packet Scheduler-0000
2021-03-12T16:20:43.456-0800 [DEBUG] [org.gradle.internal.remote.internal.inet.InetAddresses] Is this a loopback interface? false
2021-03-12T16:20:43.456-0800 [DEBUG] [org.gradle.internal.remote.internal.inet.InetAddresses] Adding IP addresses for network interface VirtualBox Host-Only Ethernet Adapter-WFP 802.3 MAC Layer LightWeight Filter-0000
2021-03-12T16:20:43.458-0800 [DEBUG] [org.gradle.internal.remote.internal.inet.InetAddresses] Is this a loopback interface? false
2021-03-12T16:20:43.459-0800 [DEBUG] [org.gradle.internal.remote.internal.inet.InetAddresses] Adding IP addresses for network interface Realtek PCIe GbE Family Controller-WFP Native MAC Layer LightWeight Filter-0000
2021-03-12T16:20:43.461-0800 [DEBUG] [org.gradle.internal.remote.internal.inet.InetAddresses] Is this a loopback interface? false
2021-03-12T16:20:43.461-0800 [DEBUG] [org.gradle.internal.remote.internal.inet.InetAddresses] Adding IP addresses for network interface Realtek PCIe GbE Family Controller-VirtualBox NDIS Light-Weight Filter-0000
2021-03-12T16:20:43.463-0800 [DEBUG] [org.gradle.internal.remote.internal.inet.InetAddresses] Is this a loopback interface? false
2021-03-12T16:20:43.464-0800 [DEBUG] [org.gradle.internal.remote.internal.inet.InetAddresses] Adding IP addresses for network interface Realtek PCIe GbE Family Controller-QoS Packet Scheduler-0000
2021-03-12T16:20:43.466-0800 [DEBUG] [org.gradle.internal.remote.internal.inet.InetAddresses] Is this a loopback interface? false
2021-03-12T16:20:43.466-0800 [DEBUG] [org.gradle.internal.remote.internal.inet.InetAddresses] Adding IP addresses for network interface Realtek PCIe GbE Family Controller-WFP 802.3 MAC Layer LightWeight Filter-0000
2021-03-12T16:20:43.469-0800 [DEBUG] [org.gradle.internal.remote.internal.inet.InetAddresses] Is this a loopback interface? false
2021-03-12T16:20:43.469-0800 [DEBUG] [org.gradle.internal.remote.internal.inet.InetAddresses] Adding IP addresses for network interface Intel(R) Wi-Fi 6 AX201 160MHz-WFP Native MAC Layer LightWeight Filter-0000
2021-03-12T16:20:43.471-0800 [DEBUG] [org.gradle.internal.remote.internal.inet.InetAddresses] Is this a loopback interface? false
2021-03-12T16:20:43.471-0800 [DEBUG] [org.gradle.internal.remote.internal.inet.InetAddresses] Adding IP addresses for network interface Intel(R) Wi-Fi 6 AX201 160MHz-Virtual WiFi Filter Driver-0000
2021-03-12T16:20:43.473-0800 [DEBUG] [org.gradle.internal.remote.internal.inet.InetAddresses] Is this a loopback interface? false
2021-03-12T16:20:43.473-0800 [DEBUG] [org.gradle.internal.remote.internal.inet.InetAddresses] Adding IP addresses for network interface Intel(R) Wi-Fi 6 AX201 160MHz-Native WiFi Filter Driver-0000
2021-03-12T16:20:43.475-0800 [DEBUG] [org.gradle.internal.remote.internal.inet.InetAddresses] Is this a loopback interface? false
2021-03-12T16:20:43.475-0800 [DEBUG] [org.gradle.internal.remote.internal.inet.InetAddresses] Adding IP addresses for network interface Intel(R) Wi-Fi 6 AX201 160MHz-VirtualBox NDIS Light-Weight Filter-0000
2021-03-12T16:20:43.477-0800 [DEBUG] [org.gradle.internal.remote.internal.inet.InetAddresses] Is this a loopback interface? false
2021-03-12T16:20:43.477-0800 [DEBUG] [org.gradle.internal.remote.internal.inet.InetAddresses] Adding IP addresses for network interface Intel(R) Wi-Fi 6 AX201 160MHz-QoS Packet Scheduler-0000
2021-03-12T16:20:43.479-0800 [DEBUG] [org.gradle.internal.remote.internal.inet.InetAddresses] Is this a loopback interface? false
2021-03-12T16:20:43.479-0800 [DEBUG] [org.gradle.internal.remote.internal.inet.InetAddresses] Adding IP addresses for network interface Intel(R) Wi-Fi 6 AX201 160MHz-WFP 802.3 MAC Layer LightWeight Filter-0000
2021-03-12T16:20:43.481-0800 [DEBUG] [org.gradle.internal.remote.internal.inet.InetAddresses] Is this a loopback interface? false
2021-03-12T16:20:43.481-0800 [DEBUG] [org.gradle.internal.remote.internal.inet.InetAddresses] Adding IP addresses for network interface Microsoft Wi-Fi Direct Virtual Adapter-WFP Native MAC Layer LightWeight Filter-0000
2021-03-12T16:20:43.483-0800 [DEBUG] [org.gradle.internal.remote.internal.inet.InetAddresses] Is this a loopback interface? false
2021-03-12T16:20:43.483-0800 [DEBUG] [org.gradle.internal.remote.internal.inet.InetAddresses] Adding IP addresses for network interface Microsoft Wi-Fi Direct Virtual Adapter-Native WiFi Filter Driver-0000
2021-03-12T16:20:43.484-0800 [DEBUG] [org.gradle.internal.remote.internal.inet.InetAddresses] Is this a loopback interface? false
2021-03-12T16:20:43.485-0800 [DEBUG] [org.gradle.internal.remote.internal.inet.InetAddresses] Adding IP addresses for network interface WAN Miniport (IP)-WFP Native MAC Layer LightWeight Filter-0000
2021-03-12T16:20:43.486-0800 [DEBUG] [org.gradle.internal.remote.internal.inet.InetAddresses] Is this a loopback interface? false
2021-03-12T16:20:43.486-0800 [DEBUG] [org.gradle.internal.remote.internal.inet.InetAddresses] Adding IP addresses for network interface WAN Miniport (IP)-QoS Packet Scheduler-0000
2021-03-12T16:20:43.489-0800 [DEBUG] [org.gradle.internal.remote.internal.inet.InetAddresses] Is this a loopback interface? false
2021-03-12T16:20:43.489-0800 [DEBUG] [org.gradle.internal.remote.internal.inet.InetAddresses] Adding IP addresses for network interface WAN Miniport (IPv6)-WFP Native MAC Layer LightWeight Filter-0000
2021-03-12T16:20:43.492-0800 [DEBUG] [org.gradle.internal.remote.internal.inet.InetAddresses] Is this a loopback interface? false
2021-03-12T16:20:43.492-0800 [DEBUG] [org.gradle.internal.remote.internal.inet.InetAddresses] Adding IP addresses for network interface WAN Miniport (IPv6)-QoS Packet Scheduler-0000
2021-03-12T16:20:43.494-0800 [DEBUG] [org.gradle.internal.remote.internal.inet.InetAddresses] Is this a loopback interface? false
2021-03-12T16:20:43.495-0800 [DEBUG] [org.gradle.internal.remote.internal.inet.InetAddresses] Adding IP addresses for network interface WAN Miniport (Network Monitor)-WFP Native MAC Layer LightWeight Filter-0000
2021-03-12T16:20:43.497-0800 [DEBUG] [org.gradle.internal.remote.internal.inet.InetAddresses] Is this a loopback interface? false
2021-03-12T16:20:43.498-0800 [DEBUG] [org.gradle.internal.remote.internal.inet.InetAddresses] Adding IP addresses for network interface WAN Miniport (Network Monitor)-QoS Packet Scheduler-0000
2021-03-12T16:20:43.500-0800 [DEBUG] [org.gradle.internal.remote.internal.inet.InetAddresses] Is this a loopback interface? false
2021-03-12T16:20:43.500-0800 [DEBUG] [org.gradle.internal.remote.internal.inet.InetAddresses] Adding IP addresses for network interface Microsoft Wi-Fi Direct Virtual Adapter-VirtualBox NDIS Light-Weight Filter-0000
2021-03-12T16:20:43.502-0800 [DEBUG] [org.gradle.internal.remote.internal.inet.InetAddresses] Is this a loopback interface? false
2021-03-12T16:20:43.502-0800 [DEBUG] [org.gradle.internal.remote.internal.inet.InetAddresses] Adding IP addresses for network interface Microsoft Wi-Fi Direct Virtual Adapter-QoS Packet Scheduler-0000
2021-03-12T16:20:43.504-0800 [DEBUG] [org.gradle.internal.remote.internal.inet.InetAddresses] Is this a loopback interface? false
2021-03-12T16:20:43.504-0800 [DEBUG] [org.gradle.internal.remote.internal.inet.InetAddresses] Adding IP addresses for network interface Microsoft Wi-Fi Direct Virtual Adapter-WFP 802.3 MAC Layer LightWeight Filter-0000
2021-03-12T16:20:43.507-0800 [DEBUG] [org.gradle.internal.remote.internal.inet.InetAddresses] Is this a loopback interface? false
2021-03-12T16:20:43.507-0800 [DEBUG] [org.gradle.internal.remote.internal.inet.InetAddresses] Adding IP addresses for network interface Microsoft Wi-Fi Direct Virtual Adapter #2-WFP Native MAC Layer LightWeight Filter-0000
2021-03-12T16:20:43.509-0800 [DEBUG] [org.gradle.internal.remote.internal.inet.InetAddresses] Is this a loopback interface? false
2021-03-12T16:20:43.509-0800 [DEBUG] [org.gradle.internal.remote.internal.inet.InetAddresses] Adding IP addresses for network interface Microsoft Wi-Fi Direct Virtual Adapter #2-Native WiFi Filter Driver-0000
2021-03-12T16:20:43.511-0800 [DEBUG] [org.gradle.internal.remote.internal.inet.InetAddresses] Is this a loopback interface? false
2021-03-12T16:20:43.512-0800 [DEBUG] [org.gradle.internal.remote.internal.inet.InetAddresses] Adding IP addresses for network interface Microsoft Wi-Fi Direct Virtual Adapter #2-VirtualBox NDIS Light-Weight Filter-0000
2021-03-12T16:20:43.514-0800 [DEBUG] [org.gradle.internal.remote.internal.inet.InetAddresses] Is this a loopback interface? false
2021-03-12T16:20:43.514-0800 [DEBUG] [org.gradle.internal.remote.internal.inet.InetAddresses] Adding IP addresses for network interface Microsoft Wi-Fi Direct Virtual Adapter #2-QoS Packet Scheduler-0000
2021-03-12T16:20:43.516-0800 [DEBUG] [org.gradle.internal.remote.internal.inet.InetAddresses] Is this a loopback interface? false
2021-03-12T16:20:43.516-0800 [DEBUG] [org.gradle.internal.remote.internal.inet.InetAddresses] Adding IP addresses for network interface Microsoft Wi-Fi Direct Virtual Adapter #2-WFP 802.3 MAC Layer LightWeight Filter-0000
2021-03-12T16:20:43.518-0800 [DEBUG] [org.gradle.internal.remote.internal.inet.InetAddresses] Is this a loopback interface? false
2021-03-12T16:20:43.521-0800 [DEBUG] [org.gradle.internal.remote.internal.inet.TcpIncomingConnector] Listening on [1629e11e-1b70-4d7d-a995-954a364dd68a port:49653, addresses:[localhost/127.0.0.1]].
2021-03-12T16:20:43.525-0800 [DEBUG] [org.gradle.launcher.daemon.server.Daemon] Daemon starting at: Fri Mar 12 16:20:43 PST 2021, with address: [1629e11e-1b70-4d7d-a995-954a364dd68a port:49653, addresses:[localhost/127.0.0.1]]
2021-03-12T16:20:43.525-0800 [INFO] [org.gradle.launcher.daemon.server.DaemonRegistryUpdater] Advertising the daemon address to the clients: [1629e11e-1b70-4d7d-a995-954a364dd68a port:49653, addresses:[localhost/127.0.0.1]]
2021-03-12T16:20:43.525-0800 [DEBUG] [org.gradle.launcher.daemon.server.DaemonRegistryUpdater] Advertised daemon context: DefaultDaemonContext[uid=ce22baa6-a36f-4cd4-82d0-560095027d51,javaHome=C:\Program Files\Android\Android Studio1\jre,daemonRegistryDir=C:\Users\rajshekar\.gradle\daemon,pid=4344,idleTimeout=10800000,priority=NORMAL,daemonOpts=-Xmx2048m,-Dfile.encoding=UTF-8,-Duser.country=US,-Duser.language=en,-Duser.variant]
2021-03-12T16:20:43.526-0800 [DEBUG] [org.gradle.launcher.daemon.registry.PersistentDaemonRegistry] Storing daemon address: [1629e11e-1b70-4d7d-a995-954a364dd68a port:49653, addresses:[localhost/127.0.0.1]], context: DefaultDaemonContext[uid=ce22baa6-a36f-4cd4-82d0-560095027d51,javaHome=C:\Program Files\Android\Android Studio1\jre,daemonRegistryDir=C:\Users\rajshekar\.gradle\daemon,pid=4344,idleTimeout=10800000,priority=NORMAL,daemonOpts=-Xmx2048m,-Dfile.encoding=UTF-8,-Duser.country=US,-Duser.language=en,-Duser.variant]
2021-03-12T16:20:43.536-0800 [DEBUG] [org.gradle.cache.internal.DefaultFileLockManager] Waiting to acquire exclusive lock on daemon addresses registry.
2021-03-12T16:20:43.540-0800 [DEBUG] [org.gradle.cache.internal.DefaultFileLockManager] Lock acquired on daemon addresses registry.
2021-03-12T16:20:43.547-0800 [DEBUG] [org.gradle.cache.internal.DefaultFileLockManager] Releasing lock on daemon addresses registry.
2021-03-12T16:20:43.548-0800 [LIFECYCLE] [org.gradle.launcher.daemon.server.Daemon] Daemon server started.
2021-03-12T16:20:43.549-0800 [DEBUG] [org.gradle.launcher.daemon.bootstrap.DaemonStartupCommunication] Completed writing the daemon greeting. Closing streams...
2021-03-12T16:20:43.554-0800 [DEBUG] [org.gradle.launcher.daemon.server.Daemon] stopOnExpiration() called on daemon
2021-03-12T16:20:43.555-0800 [DEBUG] [org.gradle.launcher.daemon.server.Daemon] awaitExpiration() called on daemon
2021-03-12T16:20:43.556-0800 [DEBUG] [org.gradle.launcher.daemon.server.DaemonStateCoordinator] daemon is running. Sleeping until state changes.
2021-03-12T16:20:43.561-0800 [DEBUG] [org.gradle.internal.remote.internal.inet.TcpIncomingConnector] Accepted connection from /127.0.0.1:49654 to /127.0.0.1:49653.
2021-03-12T16:20:43.619-0800 [DEBUG] [org.gradle.launcher.daemon.server.SynchronizedDispatchConnection] thread 18: received class org.gradle.launcher.daemon.protocol.Build
2021-03-12T16:20:43.619-0800 [DEBUG] [org.gradle.launcher.daemon.server.DefaultDaemonConnection] thread 18: Received non-IO message from client: Build{id=b96d6621-ebcc-4179-99a3-b720bdd777de, currentDir=C:\Users\rajshekar\AndroidStudioProjects\REVAGRAM}
2021-03-12T16:20:43.620-0800 [INFO] [org.gradle.launcher.daemon.server.DefaultIncomingConnectionHandler] Received command: Build{id=b96d6621-ebcc-4179-99a3-b720bdd777de, currentDir=C:\Users\rajshekar\AndroidStudioProjects\REVAGRAM}.
2021-03-12T16:20:43.620-0800 [DEBUG] [org.gradle.launcher.daemon.server.DefaultIncomingConnectionHandler] Starting executing command: Build{id=b96d6621-ebcc-4179-99a3-b720bdd777de, currentDir=C:\Users\rajshekar\AndroidStudioProjects\REVAGRAM} with connection: socket connection from /127.0.0.1:49653 to /127.0.0.1:49654.
2021-03-12T16:20:43.627-0800 [ERROR] [org.gradle.launcher.daemon.server.DaemonStateCoordinator] Command execution: started DaemonCommandExecution[command = Build{id=b96d6621-ebcc-4179-99a3-b720bdd777de, currentDir=C:\Users\rajshekar\AndroidStudioProjects\REVAGRAM}, connection = DefaultDaemonConnection: socket connection from /127.0.0.1:49653 to /127.0.0.1:49654] after 0.0 minutes of idle
2021-03-12T16:20:43.628-0800 [INFO] [org.gradle.launcher.daemon.server.DaemonRegistryUpdater] Marking the daemon as busy, address: [1629e11e-1b70-4d7d-a995-954a364dd68a port:49653, addresses:[localhost/127.0.0.1]]
2021-03-12T16:20:43.628-0800 [DEBUG] [org.gradle.launcher.daemon.registry.PersistentDaemonRegistry] Marking busy by address: [1629e11e-1b70-4d7d-a995-954a364dd68a port:49653, addresses:[localhost/127.0.0.1]]
2021-03-12T16:20:43.630-0800 [DEBUG] [org.gradle.cache.internal.DefaultFileLockManager] Waiting to acquire exclusive lock on daemon addresses registry.
2021-03-12T16:20:43.630-0800 [DEBUG] [org.gradle.cache.internal.DefaultFileLockManager] Lock acquired on daemon addresses registry.
2021-03-12T16:20:43.632-0800 [DEBUG] [org.gradle.cache.internal.DefaultFileLockManager] Releasing lock on daemon addresses registry.
2021-03-12T16:20:43.633-0800 [DEBUG] [org.gradle.launcher.daemon.server.DaemonStateCoordinator] resetting idle timer
2021-03-12T16:20:43.633-0800 [DEBUG] [org.gradle.launcher.daemon.server.DaemonStateCoordinator] daemon is running. Sleeping until state changes.
2021-03-12T16:20:43.634-0800 [INFO] [org.gradle.launcher.daemon.server.exec.StartBuildOrRespondWithBusy] Daemon is about to start building Build{id=b96d6621-ebcc-4179-99a3-b720bdd777de, currentDir=C:\Users\rajshekar\AndroidStudioProjects\REVAGRAM}. Dispatching build started information...
2021-03-12T16:20:43.634-0800 [DEBUG] [org.gradle.launcher.daemon.server.SynchronizedDispatchConnection] thread 20: dispatching org.gradle.launcher.daemon.protocol.BuildStarted@3a9190b7
2021-03-12T16:20:43.636-0800 [DEBUG] [org.gradle.launcher.daemon.server.exec.EstablishBuildEnvironment] Configuring env variables: {USERDOMAIN_ROAMINGPROFILE=LAPTOP-IRL7NJ7L, LOCALAPPDATA=C:\Users\rajshekar\AppData\Local, PROCESSOR_LEVEL=6, USERDOMAIN=LAPTOP-IRL7NJ7L, LOGONSERVER=\\LAPTOP-IRL7NJ7L, SESSIONNAME=Console, ALLUSERSPROFILE=C:\ProgramData, PROCESSOR_ARCHITECTURE=AMD64, PSModulePath=C:\Program Files\WindowsPowerShell\Modules;C:\Windows\system32\WindowsPowerShell\v1.0\Modules, SystemDrive=C:, OneDrive=C:\Users\rajshekar\OneDrive, APPDATA=C:\Users\rajshekar\AppData\Roaming, USERNAME=rajshekar, ProgramFiles(x86)=C:\Program Files (x86), VBOX_MSI_INSTALL_PATH=C:\Program Files\Oracle\VirtualBox\, CommonProgramFiles=C:\Program Files\Common Files, Path=C:\Program Files\Common Files\Oracle\Java\javapath;C:\Windows\system32;C:\Windows;C:\Windows\System32\Wbem;C:\Windows\System32\WindowsPowerShell\v1.0\;C:\Windows\System32\OpenSSH\;C:\Program Files (x86)\NVIDIA Corporation\PhysX\Common;C:\Program Files\NVIDIA Corporation\NVIDIA NvDLISR;C:\Program Files\Git\cmd;C:\Users\rajshekar\AppData\Local\Programs\Python\Python39\Scripts\;C:\Users\rajshekar\AppData\Local\Programs\Python\Python39\;C:\Users\rajshekar\AppData\Local\Programs\Python\Launcher\;C:\Users\rajshekar\AppData\Local\Microsoft\WindowsApps;C:\Program Files\JetBrains\PyCharm 2020.3.3\python3.9.1\bin;;C:\Users\rajshekar\AppData\Local\GitHubDesktop\bin;C:\ProgramData\rajshekar\GitHubDesktop\bin;C:\Users\rajshekar\src\flutter\bin;, PyCharm=C:\Program Files\JetBrains\PyCharm 2020.3.3\python3.9.1\bin;, PATHEXT=.COM;.EXE;.BAT;.CMD;.VBS;.VBE;.JS;.JSE;.WSF;.WSH;.MSC, DriverData=C:\Windows\System32\Drivers\DriverData, OS=Windows_NT, OneDriveConsumer=C:\Users\rajshekar\OneDrive, java_home=C:\Program Files\Java\jdk-15.0.2, COMPUTERNAME=LAPTOP-IRL7NJ7L, PROCESSOR_REVISION=a502, CommonProgramW6432=C:\Program Files\Common Files, ComSpec=C:\Windows\system32\cmd.exe, ProgramData=C:\ProgramData, ProgramW6432=C:\Program Files, HOMEPATH=\Users\rajshekar, TEMP=C:\Users\RAJSHE~1\AppData\Local\Temp, SystemRoot=C:\Windows, PROCESSOR_IDENTIFIER=Intel64 Family 6 Model 165 Stepping 2, GenuineIntel, USERPROFILE=C:\Users\rajshekar, HOMEDRIVE=C:, TMP=C:\Users\RAJSHE~1\AppData\Local\Temp, CommonProgramFiles(x86)=C:\Program Files (x86)\Common Files, ProgramFiles=C:\Program Files, PUBLIC=C:\Users\Public, NUMBER_OF_PROCESSORS=12, windir=C:\Windows, =::=::\, IDEA_INITIAL_DIRECTORY=C:\ProgramData\Microsoft\Windows\Start Menu\Programs\Android Studio}
2021-03-12T16:20:43.639-0800 [DEBUG] [org.gradle.launcher.daemon.server.SynchronizedDispatchConnection] thread 18: received class org.gradle.launcher.daemon.protocol.CloseInput
2021-03-12T16:20:43.639-0800 [DEBUG] [org.gradle.launcher.daemon.server.DefaultDaemonConnection] thread 18: Received IO message from client: org.gradle.launcher.daemon.protocol.CloseInput@31850ec
2021-03-12T16:20:43.640-0800 [DEBUG] [org.gradle.launcher.daemon.server.exec.LogToClient] About to start relaying all logs to the client via the connection.
2021-03-12T16:20:43.640-0800 [INFO] [org.gradle.launcher.daemon.server.exec.LogToClient] The client will now receive all logging from the daemon (pid: 4344). The daemon log file: C:\Users\rajshekar\.gradle\daemon\6.5\daemon-4344.out.log
2021-03-12T16:20:43.641-0800 [INFO] [org.gradle.launcher.daemon.server.exec.LogAndCheckHealth] Starting build in new daemon [memory: 1.9 GB]
2021-03-12T16:20:43.642-0800 [INFO] [org.gradle.launcher.daemon.server.exec.ForwardClientInput] Closing daemon's stdin at end of input.
2021-03-12T16:20:43.642-0800 [INFO] [org.gradle.launcher.daemon.server.exec.ForwardClientInput] The daemon will no longer process any standard input.
2021-03-12T16:20:43.645-0800 [DEBUG] [org.gradle.launcher.daemon.server.exec.ExecuteBuild] The daemon has started executing the build.
2021-03-12T16:20:43.646-0800 [DEBUG] [org.gradle.launcher.daemon.server.exec.ExecuteBuild] Executing build with daemon context: DefaultDaemonContext[uid=ce22baa6-a36f-4cd4-82d0-560095027d51,javaHome=C:\Program Files\Android\Android Studio1\jre,daemonRegistryDir=C:\Users\rajshekar\.gradle\daemon,pid=4344,idleTimeout=10800000,priority=NORMAL,daemonOpts=-Xmx2048m,-Dfile.encoding=UTF-8,-Duser.country=US,-Duser.language=en,-Duser.variant]

BUILD SUCCESSFUL in 17s
27 actionable tasks: 6 executed, 21 up-to-date
2021-03-12T16:20:59.059-0800 [DEBUG] [org.gradle.launcher.daemon.server.exec.ExecuteBuild] The daemon has finished executing the build.
2021-03-12T16:20:59.067-0800 [DEBUG] [org.gradle.launcher.daemon.server.DaemonStateCoordinator] daemon is running. Sleeping until state changes.
2021-03-12T16:20:59.067-0800 [DEBUG] [org.gradle.launcher.daemon.server.DaemonStateCoordinator] Command execution: finished waiting for DaemonCommandExecution[command = Build{id=b96d6621-ebcc-4179-99a3-b720bdd777de, currentDir=C:\Users\rajshekar\AndroidStudioProjects\REVAGRAM}, connection = DefaultDaemonConnection: socket connection from /127.0.0.1:49653 to /127.0.0.1:49654]. Result org.gradle.launcher.daemon.server.DaemonStateCoordinator@75e0289c with state Busy
2021-03-12T16:20:59.068-0800 [DEBUG] [org.gradle.launcher.daemon.server.DaemonStateCoordinator] Command execution: completed DaemonCommandExecution[command = Build{id=b96d6621-ebcc-4179-99a3-b720bdd777de, currentDir=C:\Users\rajshekar\AndroidStudioProjects\REVAGRAM}, connection = DefaultDaemonConnection: socket connection from /127.0.0.1:49653 to /127.0.0.1:49654]
2021-03-12T16:20:59.068-0800 [DEBUG] [org.gradle.launcher.daemon.server.DaemonStateCoordinator] resetting idle timer
2021-03-12T16:20:59.068-0800 [INFO] [org.gradle.launcher.daemon.server.DaemonRegistryUpdater] Marking the daemon as idle, address: [1629e11e-1b70-4d7d-a995-954a364dd68a port:49653, addresses:[localhost/127.0.0.1]]
2021-03-12T16:20:59.068-0800 [DEBUG] [org.gradle.launcher.daemon.registry.PersistentDaemonRegistry] Marking busy by address: [1629e11e-1b70-4d7d-a995-954a364dd68a port:49653, addresses:[localhost/127.0.0.1]]
2021-03-12T16:20:59.069-0800 [DEBUG] [org.gradle.cache.internal.DefaultFileLockManager] Waiting to acquire exclusive lock on daemon addresses registry.
2021-03-12T16:20:59.070-0800 [DEBUG] [org.gradle.cache.internal.DefaultFileLockManager] Lock acquired on daemon addresses registry.
2021-03-12T16:20:59.071-0800 [DEBUG] [org.gradle.cache.internal.DefaultFileLockManager] Releasing lock on daemon addresses registry.
2021-03-12T16:20:59.071-0800 [DEBUG] [org.gradle.launcher.daemon.server.DaemonStateCoordinator] daemon is running. Sleeping until state changes.
2021-03-12T16:20:59.071-0800 [DEBUG] [org.gradle.launcher.daemon.server.exec.ReturnResult] Daemon is dispatching the build result: Success[value=org.gradle.launcher.exec.BuildActionResult@3be21ae4]
2021-03-12T16:20:59.072-0800 [DEBUG] [org.gradle.launcher.daemon.server.SynchronizedDispatchConnection] thread 17: dispatching Success[value=org.gradle.launcher.exec.BuildActionResult@3be21ae4]
2021-03-12T16:20:59.073-0800 [DEBUG] [org.gradle.launcher.daemon.server.DefaultIncomingConnectionHandler] Finishing executing command: Build{id=b96d6621-ebcc-4179-99a3-b720bdd777de, currentDir=C:\Users\rajshekar\AndroidStudioProjects\REVAGRAM}
2021-03-12T16:20:59.076-0800 [DEBUG] [org.gradle.launcher.daemon.server.SynchronizedDispatchConnection] thread 18: received class org.gradle.launcher.daemon.protocol.Finished
2021-03-12T16:20:59.076-0800 [DEBUG] [org.gradle.launcher.daemon.server.DefaultDaemonConnection] thread 18: Received non-IO message from client: org.gradle.launcher.daemon.protocol.Finished@36a4033f
2021-03-12T16:20:59.077-0800 [DEBUG] [org.gradle.launcher.daemon.server.DefaultIncomingConnectionHandler] Received finished message: org.gradle.launcher.daemon.protocol.Finished@36a4033f
2021-03-12T16:20:59.077-0800 [DEBUG] [org.gradle.launcher.daemon.server.SynchronizedDispatchConnection] thread 17: stopping connection
2021-03-12T16:20:59.077-0800 [DEBUG] [org.gradle.internal.remote.internal.inet.SocketConnection] Discarding EOFException: java.io.EOFException
2021-03-12T16:20:59.077-0800 [DEBUG] [org.gradle.launcher.daemon.server.SynchronizedDispatchConnection] thread 18: received null
2021-03-12T16:20:59.077-0800 [DEBUG] [org.gradle.launcher.daemon.server.DefaultDaemonConnection] thread 18: Received end-of-input from client.
2021-03-12T16:20:59.078-0800 [DEBUG] [org.gradle.launcher.daemon.server.SynchronizedDispatchConnection] thread 17: stopping connection
2021-03-12T16:20:59.614-0800 [DEBUG] [org.gradle.process.internal.health.memory.DefaultMemoryManager] 849325260 memory requested, 327335936 free
2021-03-12T16:20:59.614-0800 [DEBUG] [org.gradle.workers.internal.WorkerDaemonExpiration] Will attempt to release 809 of memory
2021-03-12T16:20:59.614-0800 [DEBUG] [org.gradle.process.internal.health.memory.DefaultMemoryManager] 849325260 memory requested, 0 released, 327335936 free
2021-03-12T16:21:03.556-0800 [DEBUG] [org.gradle.cache.internal.DefaultFileLockManager] Waiting to acquire shared lock on daemon addresses registry.
2021-03-12T16:21:03.557-0800 [DEBUG] [org.gradle.cache.internal.DefaultFileLockManager] Lock acquired on daemon addresses registry.
2021-03-12T16:21:03.557-0800 [DEBUG] [org.gradle.cache.internal.DefaultFileLockManager] Releasing lock on daemon addresses registry.
2021-03-12T16:21:03.558-0800 [DEBUG] [org.gradle.cache.internal.DefaultFileLockManager] Waiting to acquire shared lock on daemon addresses registry.
2021-03-12T16:21:03.558-0800 [DEBUG] [org.gradle.cache.internal.DefaultFileLockManager] Lock acquired on daemon addresses registry.
2021-03-12T16:21:03.558-0800 [DEBUG] [org.gradle.cache.internal.DefaultFileLockManager] Releasing lock on daemon addresses registry.
2021-03-12T16:21:04.614-0800 [DEBUG] [org.gradle.process.internal.health.memory.DefaultMemoryManager] 849325260 memory requested, 417673216 free
2021-03-12T16:21:04.614-0800 [DEBUG] [org.gradle.workers.internal.WorkerDaemonExpiration] Will attempt to release 809 of memory
2021-03-12T16:21:04.614-0800 [DEBUG] [org.gradle.process.internal.health.memory.DefaultMemoryManager] 849325260 memory requested, 0 released, 417673216 free
2021-03-12T16:21:09.615-0800 [DEBUG] [org.gradle.process.internal.health.memory.DefaultMemoryManager] 849325260 memory requested, 750567424 free
2021-03-12T16:21:09.615-0800 [DEBUG] [org.gradle.workers.internal.WorkerDaemonExpiration] Will attempt to release 809 of memory
2021-03-12T16:21:09.615-0800 [DEBUG] [org.gradle.process.internal.health.memory.DefaultMemoryManager] 849325260 memory requested, 0 released, 750567424 free
2021-03-12T16:21:13.557-0800 [DEBUG] [org.gradle.cache.internal.DefaultFileLockManager] Waiting to acquire shared lock on daemon addresses registry.
2021-03-12T16:21:13.557-0800 [DEBUG] [org.gradle.cache.internal.DefaultFileLockManager] Lock acquired on daemon addresses registry.
2021-03-12T16:21:13.557-0800 [DEBUG] [org.gradle.cache.internal.DefaultFileLockManager] Releasing lock on daemon addresses registry.
2021-03-12T16:21:13.558-0800 [DEBUG] [org.gradle.cache.internal.DefaultFileLockManager] Waiting to acquire shared lock on daemon addresses registry.
2021-03-12T16:21:13.558-0800 [DEBUG] [org.gradle.cache.internal.DefaultFileLockManager] Lock acquired on daemon addresses registry.
2021-03-12T16:21:13.558-0800 [DEBUG] [org.gradle.cache.internal.DefaultFileLockManager] Releasing lock on daemon addresses registry.
2021-03-12T16:21:13.559-0800 [DEBUG] [org.gradle.cache.internal.DefaultFileLockManager] Waiting to acquire shared lock on daemon addresses registry.
2021-03-12T16:21:13.559-0800 [DEBUG] [org.gradle.cache.internal.DefaultFileLockManager] Lock acquired on daemon addresses registry.
2021-03-12T16:21:13.559-0800 [DEBUG] [org.gradle.cache.internal.DefaultFileLockManager] Releasing lock on daemon addresses registry.
2021-03-12T16:21:14.615-0800 [DEBUG] [org.gradle.process.internal.health.memory.DefaultMemoryManager] 849325260 memory requested, 712208384 free
2021-03-12T16:21:14.615-0800 [DEBUG] [org.gradle.workers.internal.WorkerDaemonExpiration] Will attempt to release 809 of memory
2021-03-12T16:21:14.615-0800 [DEBUG] [org.gradle.process.internal.health.memory.DefaultMemoryManager] 849325260 memory requested, 0 released, 712208384 free
2021-03-12T16:21:19.619-0800 [DEBUG] [org.gradle.process.internal.health.memory.DefaultMemoryManager] 849325260 memory requested, 440410112 free
2021-03-12T16:21:19.619-0800 [DEBUG] [org.gradle.workers.internal.WorkerDaemonExpiration] Will attempt to release 809 of memory
2021-03-12T16:21:19.619-0800 [DEBUG] [org.gradle.process.internal.health.memory.DefaultMemoryManager] 849325260 memory requested, 0 released, 440410112 free
2021-03-12T16:21:23.555-0800 [DEBUG] [org.gradle.cache.internal.DefaultFileLockManager] Waiting to acquire shared lock on daemon addresses registry.
2021-03-12T16:21:23.556-0800 [DEBUG] [org.gradle.cache.internal.DefaultFileLockManager] Lock acquired on daemon addresses registry.
2021-03-12T16:21:23.556-0800 [DEBUG] [org.gradle.cache.internal.DefaultFileLockManager] Releasing lock on daemon addresses registry.
2021-03-12T16:21:23.556-0800 [DEBUG] [org.gradle.cache.internal.DefaultFileLockManager] Waiting to acquire shared lock on daemon addresses registry.
2021-03-12T16:21:23.556-0800 [DEBUG] [org.gradle.cache.internal.DefaultFileLockManager] Lock acquired on daemon addresses registry.
2021-03-12T16:21:23.557-0800 [DEBUG] [org.gradle.cache.internal.DefaultFileLockManager] Releasing lock on daemon addresses registry.
2021-03-12T16:21:23.557-0800 [DEBUG] [org.gradle.cache.internal.DefaultFileLockManager] Waiting to acquire shared lock on daemon addresses registry.
2021-03-12T16:21:23.557-0800 [DEBUG] [org.gradle.cache.internal.DefaultFileLockManager] Lock acquired on daemon addresses registry.
2021-03-12T16:21:23.557-0800 [DEBUG] [org.gradle.cache.internal.DefaultFileLockManager] Releasing lock on daemon addresses registry.
2021-03-12T16:21:24.614-0800 [DEBUG] [org.gradle.process.internal.health.memory.DefaultMemoryManager] 849325260 memory requested, 468062208 free
2021-03-12T16:21:24.614-0800 [DEBUG] [org.gradle.workers.internal.WorkerDaemonExpiration] Will attempt to release 809 of memory
2021-03-12T16:21:24.615-0800 [DEBUG] [org.gradle.process.internal.health.memory.DefaultMemoryManager] 849325260 memory requested, 0 released, 468062208 free
2021-03-12T16:21:29.615-0800 [DEBUG] [org.gradle.process.internal.health.memory.DefaultMemoryManager] 849325260 memory requested, 573452288 free
2021-03-12T16:21:29.615-0800 [DEBUG] [org.gradle.workers.internal.WorkerDaemonExpiration] Will attempt to release 809 of memory
2021-03-12T16:21:29.615-0800 [DEBUG] [org.gradle.process.internal.health.memory.DefaultMemoryManager] 849325260 memory requested, 0 released, 573452288 free
2021-03-12T16:21:33.556-0800 [DEBUG] [org.gradle.cache.internal.DefaultFileLockManager] Waiting to acquire shared lock on daemon addresses registry.
2021-03-12T16:21:33.556-0800 [DEBUG] [org.gradle.cache.internal.DefaultFileLockManager] Lock acquired on daemon addresses registry.
2021-03-12T16:21:33.556-0800 [DEBUG] [org.gradle.cache.internal.DefaultFileLockManager] Releasing lock on daemon addresses registry.
2021-03-12T16:21:33.557-0800 [DEBUG] [org.gradle.cache.internal.DefaultFileLockManager] Waiting to acquire shared lock on daemon addresses registry.
2021-03-12T16:21:33.557-0800 [DEBUG] [org.gradle.cache.internal.DefaultFileLockManager] Lock acquired on daemon addresses registry.
2021-03-12T16:21:33.557-0800 [DEBUG] [org.gradle.cache.internal.DefaultFileLockManager] Releasing lock on daemon addresses registry.
2021-03-12T16:21:33.558-0800 [DEBUG] [org.gradle.cache.internal.DefaultFileLockManager] Waiting to acquire shared lock on daemon addresses registry.
2021-03-12T16:21:33.558-0800 [DEBUG] [org.gradle.cache.internal.DefaultFileLockManager] Lock acquired on daemon addresses registry.
2021-03-12T16:21:33.558-0800 [DEBUG] [org.gradle.cache.internal.DefaultFileLockManager] Releasing lock on daemon addresses registry.
2021-03-12T16:21:34.614-0800 [DEBUG] [org.gradle.process.internal.health.memory.DefaultMemoryManager] 849325260 memory requested, 601821184 free
2021-03-12T16:21:34.614-0800 [DEBUG] [org.gradle.workers.internal.WorkerDaemonExpiration] Will attempt to release 809 of memory
2021-03-12T16:21:34.614-0800 [DEBUG] [org.gradle.process.internal.health.memory.DefaultMemoryManager] 849325260 memory requested, 0 released, 601821184 free
2021-03-12T16:21:39.614-0800 [DEBUG] [org.gradle.process.internal.health.memory.DefaultMemoryManager] 849325260 memory requested, 599465984 free
2021-03-12T16:21:39.614-0800 [DEBUG] [org.gradle.workers.internal.WorkerDaemonExpiration] Will attempt to release 809 of memory
2021-03-12T16:21:39.614-0800 [DEBUG] [org.gradle.process.internal.health.memory.DefaultMemoryManager] 849325260 memory requested, 0 released, 599465984 free
2021-03-12T16:21:43.556-0800 [DEBUG] [org.gradle.cache.internal.DefaultFileLockManager] Waiting to acquire shared lock on daemon addresses registry.
2021-03-12T16:21:43.556-0800 [DEBUG] [org.gradle.cache.internal.DefaultFileLockManager] Lock acquired on daemon addresses registry.
2021-03-12T16:21:43.556-0800 [DEBUG] [org.gradle.cache.internal.DefaultFileLockManager] Releasing lock on daemon addresses registry.
2021-03-12T16:21:43.557-0800 [DEBUG] [org.gradle.cache.internal.DefaultFileLockManager] Waiting to acquire shared lock on daemon addresses registry.
2021-03-12T16:21:43.557-0800 [DEBUG] [org.gradle.cache.internal.DefaultFileLockManager] Lock acquired on daemon addresses registry.
2021-03-12T16:21:43.557-0800 [DEBUG] [org.gradle.cache.internal.DefaultFileLockManager] Releasing lock on daemon addresses registry.
2021-03-12T16:21:43.558-0800 [DEBUG] [org.gradle.cache.internal.DefaultFileLockManager] Waiting to acquire shared lock on daemon addresses registry.
2021-03-12T16:21:43.558-0800 [DEBUG] [org.gradle.cache.internal.DefaultFileLockManager] Lock acquired on daemon addresses registry.
2021-03-12T16:21:43.558-0800 [DEBUG] [org.gradle.cache.internal.DefaultFileLockManager] Releasing lock on daemon addresses registry.
2021-03-12T16:21:44.614-0800 [DEBUG] [org.gradle.process.internal.health.memory.DefaultMemoryManager] 849325260 memory requested, 599556096 free
2021-03-12T16:21:44.614-0800 [DEBUG] [org.gradle.workers.internal.WorkerDaemonExpiration] Will attempt to release 809 of memory
2021-03-12T16:21:44.614-0800 [DEBUG] [org.gradle.process.internal.health.memory.DefaultMemoryManager] 849325260 memory requested, 0 released, 599556096 free
2021-03-12T16:21:49.615-0800 [DEBUG] [org.gradle.process.internal.health.memory.DefaultMemoryManager] 849325260 memory requested, 589873152 free
2021-03-12T16:21:49.615-0800 [DEBUG] [org.gradle.workers.internal.WorkerDaemonExpiration] Will attempt to release 809 of memory
2021-03-12T16:21:49.615-0800 [DEBUG] [org.gradle.process.internal.health.memory.DefaultMemoryManager] 849325260 memory requested, 0 released, 589873152 free
2021-03-12T16:21:53.557-0800 [DEBUG] [org.gradle.cache.internal.DefaultFileLockManager] Waiting to acquire shared lock on daemon addresses registry.
2021-03-12T16:21:53.557-0800 [DEBUG] [org.gradle.cache.internal.DefaultFileLockManager] Lock acquired on daemon addresses registry.
2021-03-12T16:21:53.557-0800 [DEBUG] [org.gradle.cache.internal.DefaultFileLockManager] Releasing lock on daemon addresses registry.
2021-03-12T16:21:53.558-0800 [DEBUG] [org.gradle.cache.internal.DefaultFileLockManager] Waiting to acquire shared lock on daemon addresses registry.
2021-03-12T16:21:53.558-0800 [DEBUG] [org.gradle.cache.internal.DefaultFileLockManager] Lock acquired on daemon addresses registry.
2021-03-12T16:21:53.558-0800 [DEBUG] [org.gradle.cache.internal.DefaultFileLockManager] Releasing lock on daemon addresses registry.
2021-03-12T16:21:53.559-0800 [DEBUG] [org.gradle.cache.internal.DefaultFileLockManager] Waiting to acquire shared lock on daemon addresses registry.
2021-03-12T16:21:53.559-0800 [DEBUG] [org.gradle.cache.internal.DefaultFileLockManager] Lock acquired on daemon addresses registry.
2021-03-12T16:21:53.559-0800 [DEBUG] [org.gradle.cache.internal.DefaultFileLockManager] Releasing lock on daemon addresses registry.
2021-03-12T16:21:54.614-0800 [DEBUG] [org.gradle.process.internal.health.memory.DefaultMemoryManager] 849325260 memory requested, 598155264 free
2021-03-12T16:21:54.614-0800 [DEBUG] [org.gradle.workers.internal.WorkerDaemonExpiration] Will attempt to release 809 of memory
2021-03-12T16:21:54.614-0800 [DEBUG] [org.gradle.process.internal.health.memory.DefaultMemoryManager] 849325260 memory requested, 0 released, 598155264 free
2021-03-12T16:21:59.615-0800 [DEBUG] [org.gradle.process.internal.health.memory.DefaultMemoryManager] 849325260 memory requested, 601346048 free
2021-03-12T16:21:59.616-0800 [DEBUG] [org.gradle.workers.internal.WorkerDaemonExpiration] Will attempt to release 809 of memory
2021-03-12T16:21:59.616-0800 [DEBUG] [org.gradle.process.internal.health.memory.DefaultMemoryManager] 849325260 memory requested, 0 released, 601346048 free
2021-03-12T16:22:03.557-0800 [DEBUG] [org.gradle.cache.internal.DefaultFileLockManager] Waiting to acquire shared lock on daemon addresses registry.
2021-03-12T16:22:03.557-0800 [DEBUG] [org.gradle.cache.internal.DefaultFileLockManager] Lock acquired on daemon addresses registry.
2021-03-12T16:22:03.557-0800 [DEBUG] [org.gradle.cache.internal.DefaultFileLockManager] Releasing lock on daemon addresses registry.
2021-03-12T16:22:03.558-0800 [DEBUG] [org.gradle.cache.internal.DefaultFileLockManager] Waiting to acquire shared lock on daemon addresses registry.
2021-03-12T16:22:03.558-0800 [DEBUG] [org.gradle.cache.internal.DefaultFileLockManager] Lock acquired on daemon addresses registry.
2021-03-12T16:22:03.558-0800 [DEBUG] [org.gradle.cache.internal.DefaultFileLockManager] Releasing lock on daemon addresses registry.
2021-03-12T16:22:03.559-0800 [DEBUG] [org.gradle.cache.internal.DefaultFileLockManager] Waiting to acquire shared lock on daemon addresses registry.
2021-03-12T16:22:03.559-0800 [DEBUG] [org.gradle.cache.internal.DefaultFileLockManager] Lock acquired on daemon addresses registry.
2021-03-12T16:22:03.559-0800 [DEBUG] [org.gradle.cache.internal.DefaultFileLockManager] Releasing lock on daemon addresses registry.
2021-03-12T16:22:04.614-0800 [DEBUG] [org.gradle.process.internal.health.memory.DefaultMemoryManager] 849325260 memory requested, 599855104 free
2021-03-12T16:22:04.614-0800 [DEBUG] [org.gradle.workers.internal.WorkerDaemonExpiration] Will attempt to release 809 of memory
2021-03-12T16:22:04.614-0800 [DEBUG] [org.gradle.process.internal.health.memory.DefaultMemoryManager] 849325260 memory requested, 0 released, 599855104 free
2021-03-12T16:22:09.614-0800 [DEBUG] [org.gradle.process.internal.health.memory.DefaultMemoryManager] 849325260 memory requested, 603848704 free
2021-03-12T16:22:09.614-0800 [DEBUG] [org.gradle.workers.internal.WorkerDaemonExpiration] Will attempt to release 809 of memory
2021-03-12T16:22:09.614-0800 [DEBUG] [org.gradle.process.internal.health.memory.DefaultMemoryManager] 849325260 memory requested, 0 released, 603848704 free
2021-03-12T16:22:13.557-0800 [DEBUG] [org.gradle.cache.internal.DefaultFileLockManager] Waiting to acquire shared lock on daemon addresses registry.
2021-03-12T16:22:13.557-0800 [DEBUG] [org.gradle.cache.internal.DefaultFileLockManager] Lock acquired on daemon addresses registry.
2021-03-12T16:22:13.557-0800 [DEBUG] [org.gradle.cache.internal.DefaultFileLockManager] Releasing lock on daemon addresses registry.
2021-03-12T16:22:13.558-0800 [DEBUG] [org.gradle.cache.internal.DefaultFileLockManager] Waiting to acquire shared lock on daemon addresses registry.
2021-03-12T16:22:13.558-0800 [DEBUG] [org.gradle.cache.internal.DefaultFileLockManager] Lock acquired on daemon addresses registry.
2021-03-12T16:22:13.559-0800 [DEBUG] [org.gradle.cache.internal.DefaultFileLockManager] Releasing lock on daemon addresses registry.
2021-03-12T16:22:13.559-0800 [DEBUG] [org.gradle.cache.internal.DefaultFileLockManager] Waiting to acquire shared lock on daemon addresses registry.
2021-03-12T16:22:13.559-0800 [DEBUG] [org.gradle.cache.internal.DefaultFileLockManager] Lock acquired on daemon addresses registry.
2021-03-12T16:22:13.560-0800 [DEBUG] [org.gradle.cache.internal.DefaultFileLockManager] Releasing lock on daemon addresses registry.
2021-03-12T16:22:14.615-0800 [DEBUG] [org.gradle.process.internal.health.memory.DefaultMemoryManager] 849325260 memory requested, 604037120 free
2021-03-12T16:22:14.615-0800 [DEBUG] [org.gradle.workers.internal.WorkerDaemonExpiration] Will attempt to release 809 of memory
2021-03-12T16:22:14.615-0800 [DEBUG] [org.gradle.process.internal.health.memory.DefaultMemoryManager] 849325260 memory requested, 0 released, 604037120 free
2021-03-12T16:22:19.615-0800 [DEBUG] [org.gradle.process.internal.health.memory.DefaultMemoryManager] 849325260 memory requested, 642646016 free
2021-03-12T16:22:19.615-0800 [DEBUG] [org.gradle.workers.internal.WorkerDaemonExpiration] Will attempt to release 809 of memory
2021-03-12T16:22:19.615-0800 [DEBUG] [org.gradle.process.internal.health.memory.DefaultMemoryManager] 849325260 memory requested, 0 released, 642646016 free
2021-03-12T16:22:23.557-0800 [DEBUG] [org.gradle.cache.internal.DefaultFileLockManager] Waiting to acquire shared lock on daemon addresses registry.
2021-03-12T16:22:23.557-0800 [DEBUG] [org.gradle.cache.internal.DefaultFileLockManager] Lock acquired on daemon addresses registry.
2021-03-12T16:22:23.557-0800 [DEBUG] [org.gradle.cache.internal.DefaultFileLockManager] Releasing lock on daemon addresses registry.
2021-03-12T16:22:23.558-0800 [DEBUG] [org.gradle.cache.internal.DefaultFileLockManager] Waiting to acquire shared lock on daemon addresses registry.
2021-03-12T16:22:23.558-0800 [DEBUG] [org.gradle.cache.internal.DefaultFileLockManager] Lock acquired on daemon addresses registry.
2021-03-12T16:22:23.558-0800 [DEBUG] [org.gradle.cache.internal.DefaultFileLockManager] Releasing lock on daemon addresses registry.
2021-03-12T16:22:23.559-0800 [DEBUG] [org.gradle.cache.internal.DefaultFileLockManager] Waiting to acquire shared lock on daemon addresses registry.
2021-03-12T16:22:23.559-0800 [DEBUG] [org.gradle.cache.internal.DefaultFileLockManager] Lock acquired on daemon addresses registry.
2021-03-12T16:22:23.559-0800 [DEBUG] [org.gradle.cache.internal.DefaultFileLockManager] Releasing lock on daemon addresses registry.
2021-03-12T16:22:24.614-0800 [DEBUG] [org.gradle.process.internal.health.memory.DefaultMemoryManager] 849325260 memory requested, 635969536 free
2021-03-12T16:22:24.614-0800 [DEBUG] [org.gradle.workers.internal.WorkerDaemonExpiration] Will attempt to release 809 of memory
2021-03-12T16:22:24.614-0800 [DEBUG] [org.gradle.process.internal.health.memory.DefaultMemoryManager] 849325260 memory requested, 0 released, 635969536 free
2021-03-12T16:22:29.615-0800 [DEBUG] [org.gradle.process.internal.health.memory.DefaultMemoryManager] 849325260 memory requested, 633720832 free
2021-03-12T16:22:29.615-0800 [DEBUG] [org.gradle.workers.internal.WorkerDaemonExpiration] Will attempt to release 809 of memory
2021-03-12T16:22:29.615-0800 [DEBUG] [org.gradle.process.internal.health.memory.DefaultMemoryManager] 849325260 memory requested, 0 released, 633720832 free
2021-03-12T16:22:33.556-0800 [DEBUG] [org.gradle.cache.internal.DefaultFileLockManager] Waiting to acquire shared lock on daemon addresses registry.
2021-03-12T16:22:33.557-0800 [DEBUG] [org.gradle.cache.internal.DefaultFileLockManager] Lock acquired on daemon addresses registry.
2021-03-12T16:22:33.557-0800 [DEBUG] [org.gradle.cache.internal.DefaultFileLockManager] Releasing lock on daemon addresses registry.
2021-03-12T16:22:33.557-0800 [DEBUG] [org.gradle.cache.internal.DefaultFileLockManager] Waiting to acquire shared lock on daemon addresses registry.
2021-03-12T16:22:33.557-0800 [DEBUG] [org.gradle.cache.internal.DefaultFileLockManager] Lock acquired on daemon addresses registry.
2021-03-12T16:22:33.558-0800 [DEBUG] [org.gradle.cache.internal.DefaultFileLockManager] Releasing lock on daemon addresses registry.
2021-03-12T16:22:33.558-0800 [DEBUG] [org.gradle.cache.internal.DefaultFileLockManager] Waiting to acquire shared lock on daemon addresses registry.
2021-03-12T16:22:33.558-0800 [DEBUG] [org.gradle.cache.internal.DefaultFileLockManager] Lock acquired on daemon addresses registry.
2021-03-12T16:22:33.558-0800 [DEBUG] [org.gradle.cache.internal.DefaultFileLockManager] Releasing lock on daemon addresses registry.
2021-03-12T16:22:34.615-0800 [DEBUG] [org.gradle.process.internal.health.memory.DefaultMemoryManager] 849325260 memory requested, 634519552 free
2021-03-12T16:22:34.615-0800 [DEBUG] [org.gradle.workers.internal.WorkerDaemonExpiration] Will attempt to release 809 of memory
2021-03-12T16:22:34.615-0800 [DEBUG] [org.gradle.process.internal.health.memory.DefaultMemoryManager] 849325260 memory requested, 0 released, 634519552 free
2021-03-12T16:22:39.614-0800 [DEBUG] [org.gradle.process.internal.health.memory.DefaultMemoryManager] 849325260 memory requested, 635129856 free
2021-03-12T16:22:39.614-0800 [DEBUG] [org.gradle.workers.internal.WorkerDaemonExpiration] Will attempt to release 809 of memory
2021-03-12T16:22:39.614-0800 [DEBUG] [org.gradle.process.internal.health.memory.DefaultMemoryManager] 849325260 memory requested, 0 released, 635129856 free
2021-03-12T16:22:43.556-0800 [DEBUG] [org.gradle.cache.internal.DefaultFileLockManager] Waiting to acquire shared lock on daemon addresses registry.
2021-03-12T16:22:43.556-0800 [DEBUG] [org.gradle.cache.internal.DefaultFileLockManager] Lock acquired on daemon addresses registry.
2021-03-12T16:22:43.556-0800 [DEBUG] [org.gradle.cache.internal.DefaultFileLockManager] Releasing lock on daemon addresses registry.
2021-03-12T16:22:43.557-0800 [DEBUG] [org.gradle.cache.internal.DefaultFileLockManager] Waiting to acquire shared lock on daemon addresses registry.
2021-03-12T16:22:43.557-0800 [DEBUG] [org.gradle.cache.internal.DefaultFileLockManager] Lock acquired on daemon addresses registry.
2021-03-12T16:22:43.557-0800 [DEBUG] [org.gradle.cache.internal.DefaultFileLockManager] Releasing lock on daemon addresses registry.
2021-03-12T16:22:43.557-0800 [DEBUG] [org.gradle.cache.internal.DefaultFileLockManager] Waiting to acquire shared lock on daemon addresses registry.
2021-03-12T16:22:43.557-0800 [DEBUG] [org.gradle.cache.internal.DefaultFileLockManager] Lock acquired on daemon addresses registry.
2021-03-12T16:22:43.558-0800 [DEBUG] [org.gradle.cache.internal.DefaultFileLockManager] Releasing lock on daemon addresses registry.
2021-03-12T16:22:44.615-0800 [DEBUG] [org.gradle.process.internal.health.memory.DefaultMemoryManager] 849325260 memory requested, 644964352 free
2021-03-12T16:22:44.615-0800 [DEBUG] [org.gradle.workers.internal.WorkerDaemonExpiration] Will attempt to release 809 of memory
2021-03-12T16:22:44.615-0800 [DEBUG] [org.gradle.process.internal.health.memory.DefaultMemoryManager] 849325260 memory requested, 0 released, 644964352 free
2021-03-12T16:22:49.615-0800 [DEBUG] [org.gradle.process.internal.health.memory.DefaultMemoryManager] 849325260 memory requested, 644939776 free
2021-03-12T16:22:49.615-0800 [DEBUG] [org.gradle.workers.internal.WorkerDaemonExpiration] Will attempt to release 809 of memory
2021-03-12T16:22:49.615-0800 [DEBUG] [org.gradle.process.internal.health.memory.DefaultMemoryManager] 849325260 memory requested, 0 released, 644939776 free
2021-03-12T16:22:53.556-0800 [DEBUG] [org.gradle.cache.internal.DefaultFileLockManager] Waiting to acquire shared lock on daemon addresses registry.
2021-03-12T16:22:53.556-0800 [DEBUG] [org.gradle.cache.internal.DefaultFileLockManager] Lock acquired on daemon addresses registry.
2021-03-12T16:22:53.556-0800 [DEBUG] [org.gradle.cache.internal.DefaultFileLockManager] Releasing lock on daemon addresses registry.
2021-03-12T16:22:53.557-0800 [DEBUG] [org.gradle.cache.internal.DefaultFileLockManager] Waiting to acquire shared lock on daemon addresses registry.
2021-03-12T16:22:53.557-0800 [DEBUG] [org.gradle.cache.internal.DefaultFileLockManager] Lock acquired on daemon addresses registry.
2021-03-12T16:22:53.557-0800 [DEBUG] [org.gradle.cache.internal.DefaultFileLockManager] Releasing lock on daemon addresses registry.
2021-03-12T16:22:53.558-0800 [DEBUG] [org.gradle.cache.internal.DefaultFileLockManager] Waiting to acquire shared lock on daemon addresses registry.
2021-03-12T16:22:53.558-0800 [DEBUG] [org.gradle.cache.internal.DefaultFileLockManager] Lock acquired on daemon addresses registry.
2021-03-12T16:22:53.558-0800 [DEBUG] [org.gradle.cache.internal.DefaultFileLockManager] Releasing lock on daemon addresses registry.
2021-03-12T16:22:54.614-0800 [DEBUG] [org.gradle.process.internal.health.memory.DefaultMemoryManager] 849325260 memory requested, 644964352 free
2021-03-12T16:22:54.614-0800 [DEBUG] [org.gradle.workers.internal.WorkerDaemonExpiration] Will attempt to release 809 of memory
2021-03-12T16:22:54.614-0800 [DEBUG] [org.gradle.process.internal.health.memory.DefaultMemoryManager] 849325260 memory requested, 0 released, 644964352 free
2021-03-12T16:22:59.613-0800 [DEBUG] [org.gradle.process.internal.health.memory.DefaultMemoryManager] 849325260 memory requested, 645545984 free
2021-03-12T16:22:59.614-0800 [DEBUG] [org.gradle.workers.internal.WorkerDaemonExpiration] Will attempt to release 809 of memory
2021-03-12T16:22:59.614-0800 [DEBUG] [org.gradle.process.internal.health.memory.DefaultMemoryManager] 849325260 memory requested, 0 released, 645545984 free
2021-03-12T16:23:03.556-0800 [DEBUG] [org.gradle.cache.internal.DefaultFileLockManager] Waiting to acquire shared lock on daemon addresses registry.
2021-03-12T16:23:03.556-0800 [DEBUG] [org.gradle.cache.internal.DefaultFileLockManager] Lock acquired on daemon addresses registry.
2021-03-12T16:23:03.556-0800 [DEBUG] [org.gradle.cache.internal.DefaultFileLockManager] Releasing lock on daemon addresses registry.
2021-03-12T16:23:03.557-0800 [DEBUG] [org.gradle.cache.internal.DefaultFileLockManager] Waiting to acquire shared lock on daemon addresses registry.
2021-03-12T16:23:03.557-0800 [DEBUG] [org.gradle.cache.internal.DefaultFileLockManager] Lock acquired on daemon addresses registry.
2021-03-12T16:23:03.557-0800 [DEBUG] [org.gradle.cache.internal.DefaultFileLockManager] Releasing lock on daemon addresses registry.
2021-03-12T16:23:03.558-0800 [DEBUG] [org.gradle.cache.internal.DefaultFileLockManager] Waiting to acquire shared lock on daemon addresses registry.
2021-03-12T16:23:03.558-0800 [DEBUG] [org.gradle.cache.internal.DefaultFileLockManager] Lock acquired on daemon addresses registry.
2021-03-12T16:23:03.558-0800 [DEBUG] [org.gradle.cache.internal.DefaultFileLockManager] Releasing lock on daemon addresses registry.
2021-03-12T16:23:04.614-0800 [DEBUG] [org.gradle.process.internal.health.memory.DefaultMemoryManager] 849325260 memory requested, 645763072 free
2021-03-12T16:23:04.615-0800 [DEBUG] [org.gradle.workers.internal.WorkerDaemonExpiration] Will attempt to release 809 of memory
2021-03-12T16:23:04.615-0800 [DEBUG] [org.gradle.process.internal.health.memory.DefaultMemoryManager] 849325260 memory requested, 0 released, 645763072 free
2021-03-12T16:23:09.614-0800 [DEBUG] [org.gradle.process.internal.health.memory.DefaultMemoryManager] 849325260 memory requested, 645758976 free
2021-03-12T16:23:09.615-0800 [DEBUG] [org.gradle.workers.internal.WorkerDaemonExpiration] Will attempt to release 809 of memory
2021-03-12T16:23:09.615-0800 [DEBUG] [org.gradle.process.internal.health.memory.DefaultMemoryManager] 849325260 memory requested, 0 released, 645758976 free
2021-03-12T16:23:13.556-0800 [DEBUG] [org.gradle.cache.internal.DefaultFileLockManager] Waiting to acquire shared lock on daemon addresses registry.
2021-03-12T16:23:13.556-0800 [DEBUG] [org.gradle.cache.internal.DefaultFileLockManager] Lock acquired on daemon addresses registry.
2021-03-12T16:23:13.557-0800 [DEBUG] [org.gradle.cache.internal.DefaultFileLockManager] Releasing lock on daemon addresses registry.
2021-03-12T16:23:13.557-0800 [DEBUG] [org.gradle.cache.internal.DefaultFileLockManager] Waiting to acquire shared lock on daemon addresses registry.
2021-03-12T16:23:13.557-0800 [DEBUG] [org.gradle.cache.internal.DefaultFileLockManager] Lock acquired on daemon addresses registry.
2021-03-12T16:23:13.565-0800 [DEBUG] [org.gradle.cache.internal.DefaultFileLockManager] Releasing lock on daemon addresses registry.
2021-03-12T16:23:13.565-0800 [DEBUG] [org.gradle.cache.internal.DefaultFileLockManager] Waiting to acquire shared lock on daemon addresses registry.
2021-03-12T16:23:13.566-0800 [DEBUG] [org.gradle.cache.internal.DefaultFileLockManager] Lock acquired on daemon addresses registry.
2021-03-12T16:23:13.566-0800 [DEBUG] [org.gradle.cache.internal.DefaultFileLockManager] Releasing lock on daemon addresses registry.
2021-03-12T16:23:14.614-0800 [DEBUG] [org.gradle.process.internal.health.memory.DefaultMemoryManager] 849325260 memory requested, 647598080 free
2021-03-12T16:23:14.614-0800 [DEBUG] [org.gradle.workers.internal.WorkerDaemonExpiration] Will attempt to release 809 of memory
2021-03-12T16:23:14.614-0800 [DEBUG] [org.gradle.process.internal.health.memory.DefaultMemoryManager] 849325260 memory requested, 0 released, 647598080 free
2021-03-12T16:23:19.614-0800 [DEBUG] [org.gradle.process.internal.health.memory.DefaultMemoryManager] 849325260 memory requested, 646553600 free
2021-03-12T16:23:19.614-0800 [DEBUG] [org.gradle.workers.internal.WorkerDaemonExpiration] Will attempt to release 809 of memory
2021-03-12T16:23:19.614-0800 [DEBUG] [org.gradle.process.internal.health.memory.DefaultMemoryManager] 849325260 memory requested, 0 released, 646553600 free
2021-03-12T16:23:23.556-0800 [DEBUG] [org.gradle.cache.internal.DefaultFileLockManager] Waiting to acquire shared lock on daemon addresses registry.
2021-03-12T16:23:23.556-0800 [DEBUG] [org.gradle.cache.internal.DefaultFileLockManager] Lock acquired on daemon addresses registry.
2021-03-12T16:23:23.557-0800 [DEBUG] [org.gradle.cache.internal.DefaultFileLockManager] Releasing lock on daemon addresses registry.
2021-03-12T16:23:23.557-0800 [DEBUG] [org.gradle.cache.internal.DefaultFileLockManager] Waiting to acquire shared lock on daemon addresses registry.
2021-03-12T16:23:23.558-0800 [DEBUG] [org.gradle.cache.internal.DefaultFileLockManager] Lock acquired on daemon addresses registry.
2021-03-12T16:23:23.558-0800 [DEBUG] [org.gradle.cache.internal.DefaultFileLockManager] Releasing lock on daemon addresses registry.
2021-03-12T16:23:23.559-0800 [DEBUG] [org.gradle.cache.internal.DefaultFileLockManager] Waiting to acquire shared lock on daemon addresses registry.
2021-03-12T16:23:23.559-0800 [DEBUG] [org.gradle.cache.internal.DefaultFileLockManager] Lock acquired on daemon addresses registry.
2021-03-12T16:23:23.559-0800 [DEBUG] [org.gradle.cache.internal.DefaultFileLockManager] Releasing lock on daemon addresses registry.
2021-03-12T16:23:24.614-0800 [DEBUG] [org.gradle.process.internal.health.memory.DefaultMemoryManager] 849325260 memory requested, 644530176 free
2021-03-12T16:23:24.614-0800 [DEBUG] [org.gradle.workers.internal.WorkerDaemonExpiration] Will attempt to release 809 of memory
2021-03-12T16:23:24.614-0800 [DEBUG] [org.gradle.process.internal.health.memory.DefaultMemoryManager] 849325260 memory requested, 0 released, 644530176 free
2021-03-12T16:23:29.614-0800 [DEBUG] [org.gradle.process.internal.health.memory.DefaultMemoryManager] 849325260 memory requested, 643756032 free
2021-03-12T16:23:29.614-0800 [DEBUG] [org.gradle.workers.internal.WorkerDaemonExpiration] Will attempt to release 809 of memory
2021-03-12T16:23:29.614-0800 [DEBUG] [org.gradle.process.internal.health.memory.DefaultMemoryManager] 849325260 memory requested, 0 released, 643756032 free
2021-03-12T16:23:33.557-0800 [DEBUG] [org.gradle.cache.internal.DefaultFileLockManager] Waiting to acquire shared lock on daemon addresses registry.
2021-03-12T16:23:33.558-0800 [DEBUG] [org.gradle.cache.internal.DefaultFileLockManager] Lock acquired on daemon addresses registry.
2021-03-12T16:23:33.558-0800 [DEBUG] [org.gradle.cache.internal.DefaultFileLockManager] Releasing lock on daemon addresses registry.
2021-03-12T16:23:33.558-0800 [DEBUG] [org.gradle.cache.internal.DefaultFileLockManager] Waiting to acquire shared lock on daemon addresses registry.
2021-03-12T16:23:33.558-0800 [DEBUG] [org.gradle.cache.internal.DefaultFileLockManager] Lock acquired on daemon addresses registry.
2021-03-12T16:23:33.559-0800 [DEBUG] [org.gradle.cache.internal.DefaultFileLockManager] Releasing lock on daemon addresses registry.
2021-03-12T16:23:33.559-0800 [DEBUG] [org.gradle.cache.internal.DefaultFileLockManager] Waiting to acquire shared lock on daemon addresses registry.
2021-03-12T16:23:33.559-0800 [DEBUG] [org.gradle.cache.internal.DefaultFileLockManager] Lock acquired on daemon addresses registry.
2021-03-12T16:23:33.559-0800 [DEBUG] [org.gradle.cache.internal.DefaultFileLockManager] Releasing lock on daemon addresses registry.
2021-03-12T16:23:34.615-0800 [DEBUG] [org.gradle.process.internal.health.memory.DefaultMemoryManager] 849325260 memory requested, 643371008 free
2021-03-12T16:23:34.616-0800 [DEBUG] [org.gradle.workers.internal.WorkerDaemonExpiration] Will attempt to release 809 of memory
2021-03-12T16:23:34.616-0800 [DEBUG] [org.gradle.process.internal.health.memory.DefaultMemoryManager] 849325260 memory requested, 0 released, 643371008 free
2021-03-12T16:23:39.614-0800 [DEBUG] [org.gradle.process.internal.health.memory.DefaultMemoryManager] 849325260 memory requested, 641982464 free
2021-03-12T16:23:39.614-0800 [DEBUG] [org.gradle.workers.internal.WorkerDaemonExpiration] Will attempt to release 809 of memory
2021-03-12T16:23:39.614-0800 [DEBUG] [org.gradle.process.internal.health.memory.DefaultMemoryManager] 849325260 memory requested, 0 released, 641982464 free
2021-03-12T16:23:43.556-0800 [DEBUG] [org.gradle.cache.internal.DefaultFileLockManager] Waiting to acquire shared lock on daemon addresses registry.
2021-03-12T16:23:43.556-0800 [DEBUG] [org.gradle.cache.internal.DefaultFileLockManager] Lock acquired on daemon addresses registry.
2021-03-12T16:23:43.556-0800 [DEBUG] [org.gradle.cache.internal.DefaultFileLockManager] Releasing lock on daemon addresses registry.
2021-03-12T16:23:43.556-0800 [DEBUG] [org.gradle.cache.internal.DefaultFileLockManager] Waiting to acquire shared lock on daemon addresses registry.
2021-03-12T16:23:43.556-0800 [DEBUG] [org.gradle.cache.internal.DefaultFileLockManager] Lock acquired on daemon addresses registry.
2021-03-12T16:23:43.557-0800 [DEBUG] [org.gradle.cache.internal.DefaultFileLockManager] Releasing lock on daemon addresses registry.
2021-03-12T16:23:43.557-0800 [DEBUG] [org.gradle.cache.internal.DefaultFileLockManager] Waiting to acquire shared lock on daemon addresses registry.
2021-03-12T16:23:43.557-0800 [DEBUG] [org.gradle.cache.internal.DefaultFileLockManager] Lock acquired on daemon addresses registry.
2021-03-12T16:23:43.557-0800 [DEBUG] [org.gradle.cache.internal.DefaultFileLockManager] Releasing lock on daemon addresses registry.
2021-03-12T16:23:44.614-0800 [DEBUG] [org.gradle.process.internal.health.memory.DefaultMemoryManager] 849325260 memory requested, 644337664 free
2021-03-12T16:23:44.614-0800 [DEBUG] [org.gradle.workers.internal.WorkerDaemonExpiration] Will attempt to release 809 of memory
2021-03-12T16:23:44.615-0800 [DEBUG] [org.gradle.process.internal.health.memory.DefaultMemoryManager] 849325260 memory requested, 0 released, 644337664 free
2021-03-12T16:23:49.615-0800 [DEBUG] [org.gradle.process.internal.health.memory.DefaultMemoryManager] 849325260 memory requested, 645877760 free
2021-03-12T16:23:49.615-0800 [DEBUG] [org.gradle.workers.internal.WorkerDaemonExpiration] Will attempt to release 809 of memory
2021-03-12T16:23:49.615-0800 [DEBUG] [org.gradle.process.internal.health.memory.DefaultMemoryManager] 849325260 memory requested, 0 released, 645877760 free
2021-03-12T16:23:53.557-0800 [DEBUG] [org.gradle.cache.internal.DefaultFileLockManager] Waiting to acquire shared lock on daemon addresses registry.
2021-03-12T16:23:53.557-0800 [DEBUG] [org.gradle.cache.internal.DefaultFileLockManager] Lock acquired on daemon addresses registry.
2021-03-12T16:23:53.557-0800 [DEBUG] [org.gradle.cache.internal.DefaultFileLockManager] Releasing lock on daemon addresses registry.
2021-03-12T16:23:53.558-0800 [DEBUG] [org.gradle.cache.internal.DefaultFileLockManager] Waiting to acquire shared lock on daemon addresses registry.
2021-03-12T16:23:53.558-0800 [DEBUG] [org.gradle.cache.internal.DefaultFileLockManager] Lock acquired on daemon addresses registry.
2021-03-12T16:23:53.558-0800 [DEBUG] [org.gradle.cache.internal.DefaultFileLockManager] Releasing lock on daemon addresses registry.
2021-03-12T16:23:53.558-0800 [DEBUG] [org.gradle.cache.internal.DefaultFileLockManager] Waiting to acquire shared lock on daemon addresses registry.
2021-03-12T16:23:53.558-0800 [DEBUG] [org.gradle.cache.internal.DefaultFileLockManager] Lock acquired on daemon addresses registry.
2021-03-12T16:23:53.559-0800 [DEBUG] [org.gradle.cache.internal.DefaultFileLockManager] Releasing lock on daemon addresses registry.
2021-03-12T16:23:54.615-0800 [DEBUG] [org.gradle.process.internal.health.memory.DefaultMemoryManager] 849325260 memory requested, 645836800 free
2021-03-12T16:23:54.615-0800 [DEBUG] [org.gradle.workers.internal.WorkerDaemonExpiration] Will attempt to release 809 of memory
2021-03-12T16:23:54.615-0800 [DEBUG] [org.gradle.process.internal.health.memory.DefaultMemoryManager] 849325260 memory requested, 0 released, 645836800 free
2021-03-12T16:23:59.613-0800 [DEBUG] [org.gradle.process.internal.health.memory.DefaultMemoryManager] 849325260 memory requested, 645414912 free
2021-03-12T16:23:59.613-0800 [DEBUG] [org.gradle.workers.internal.WorkerDaemonExpiration] Will attempt to release 809 of memory
2021-03-12T16:23:59.613-0800 [DEBUG] [org.gradle.process.internal.health.memory.DefaultMemoryManager] 849325260 memory requested, 0 released, 645414912 free
2021-03-12T16:24:03.556-0800 [DEBUG] [org.gradle.cache.internal.DefaultFileLockManager] Waiting to acquire shared lock on daemon addresses registry.
2021-03-12T16:24:03.556-0800 [DEBUG] [org.gradle.cache.internal.DefaultFileLockManager] Lock acquired on daemon addresses registry.
2021-03-12T16:24:03.556-0800 [DEBUG] [org.gradle.cache.internal.DefaultFileLockManager] Releasing lock on daemon addresses registry.
2021-03-12T16:24:03.557-0800 [DEBUG] [org.gradle.cache.internal.DefaultFileLockManager] Waiting to acquire shared lock on daemon addresses registry.
2021-03-12T16:24:03.557-0800 [DEBUG] [org.gradle.cache.internal.DefaultFileLockManager] Lock acquired on daemon addresses registry.
2021-03-12T16:24:03.557-0800 [DEBUG] [org.gradle.cache.internal.DefaultFileLockManager] Releasing lock on daemon addresses registry.
2021-03-12T16:24:03.558-0800 [DEBUG] [org.gradle.cache.internal.DefaultFileLockManager] Waiting to acquire shared lock on daemon addresses registry.
2021-03-12T16:24:03.558-0800 [DEBUG] [org.gradle.cache.internal.DefaultFileLockManager] Lock acquired on daemon addresses registry.
2021-03-12T16:24:03.558-0800 [DEBUG] [org.gradle.cache.internal.DefaultFileLockManager] Releasing lock on daemon addresses registry.
2021-03-12T16:24:04.615-0800 [DEBUG] [org.gradle.process.internal.health.memory.DefaultMemoryManager] 849325260 memory requested, 638824448 free
2021-03-12T16:24:04.615-0800 [DEBUG] [org.gradle.workers.internal.WorkerDaemonExpiration] Will attempt to release 809 of memory
2021-03-12T16:24:04.615-0800 [DEBUG] [org.gradle.process.internal.health.memory.DefaultMemoryManager] 849325260 memory requested, 0 released, 638824448 free
2021-03-12T16:24:09.615-0800 [DEBUG] [org.gradle.process.internal.health.memory.DefaultMemoryManager] 849325260 memory requested, 638943232 free
2021-03-12T16:24:09.615-0800 [DEBUG] [org.gradle.workers.internal.WorkerDaemonExpiration] Will attempt to release 809 of memory
2021-03-12T16:24:09.615-0800 [DEBUG] [org.gradle.process.internal.health.memory.DefaultMemoryManager] 849325260 memory requested, 0 released, 638943232 free
2021-03-12T16:24:13.557-0800 [DEBUG] [org.gradle.cache.internal.DefaultFileLockManager] Waiting to acquire shared lock on daemon addresses registry.
2021-03-12T16:24:13.557-0800 [DEBUG] [org.gradle.cache.internal.DefaultFileLockManager] Lock acquired on daemon addresses registry.
2021-03-12T16:24:13.557-0800 [DEBUG] [org.gradle.cache.internal.DefaultFileLockManager] Releasing lock on daemon addresses registry.
2021-03-12T16:24:13.558-0800 [DEBUG] [org.gradle.cache.internal.DefaultFileLockManager] Waiting to acquire shared lock on daemon addresses registry.
2021-03-12T16:24:13.558-0800 [DEBUG] [org.gradle.cache.internal.DefaultFileLockManager] Lock acquired on daemon addresses registry.
2021-03-12T16:24:13.558-0800 [DEBUG] [org.gradle.cache.internal.DefaultFileLockManager] Releasing lock on daemon addresses registry.
2021-03-12T16:24:13.558-0800 [DEBUG] [org.gradle.cache.internal.DefaultFileLockManager] Waiting to acquire shared lock on daemon addresses registry.
2021-03-12T16:24:13.558-0800 [DEBUG] [org.gradle.cache.internal.DefaultFileLockManager] Lock acquired on daemon addresses registry.
2021-03-12T16:24:13.559-0800 [DEBUG] [org.gradle.cache.internal.DefaultFileLockManager] Releasing lock on daemon addresses registry.
2021-03-12T16:24:14.615-0800 [DEBUG] [org.gradle.process.internal.health.memory.DefaultMemoryManager] 849325260 memory requested, 640241664 free
2021-03-12T16:24:14.615-0800 [DEBUG] [org.gradle.workers.internal.WorkerDaemonExpiration] Will attempt to release 809 of memory
2021-03-12T16:24:14.615-0800 [DEBUG] [org.gradle.process.internal.health.memory.DefaultMemoryManager] 849325260 memory requested, 0 released, 640241664 free
2021-03-12T16:24:19.615-0800 [DEBUG] [org.gradle.process.internal.health.memory.DefaultMemoryManager] 849325260 memory requested, 642179072 free
2021-03-12T16:24:19.615-0800 [DEBUG] [org.gradle.workers.internal.WorkerDaemonExpiration] Will attempt to release 809 of memory
2021-03-12T16:24:19.615-0800 [DEBUG] [org.gradle.process.internal.health.memory.DefaultMemoryManager] 849325260 memory requested, 0 released, 642179072 free
2021-03-12T16:24:23.557-0800 [DEBUG] [org.gradle.cache.internal.DefaultFileLockManager] Waiting to acquire shared lock on daemon addresses registry.
2021-03-12T16:24:23.557-0800 [DEBUG] [org.gradle.cache.internal.DefaultFileLockManager] Lock acquired on daemon addresses registry.
2021-03-12T16:24:23.557-0800 [DEBUG] [org.gradle.cache.internal.DefaultFileLockManager] Releasing lock on daemon addresses registry.
2021-03-12T16:24:23.558-0800 [DEBUG] [org.gradle.cache.internal.DefaultFileLockManager] Waiting to acquire shared lock on daemon addresses registry.
2021-03-12T16:24:23.558-0800 [DEBUG] [org.gradle.cache.internal.DefaultFileLockManager] Lock acquired on daemon addresses registry.
2021-03-12T16:24:23.558-0800 [DEBUG] [org.gradle.cache.internal.DefaultFileLockManager] Releasing lock on daemon addresses registry.
2021-03-12T16:24:23.558-0800 [DEBUG] [org.gradle.cache.internal.DefaultFileLockManager] Waiting to acquire shared lock on daemon addresses registry.
2021-03-12T16:24:23.558-0800 [DEBUG] [org.gradle.cache.internal.DefaultFileLockManager] Lock acquired on daemon addresses registry.
2021-03-12T16:24:23.559-0800 [DEBUG] [org.gradle.cache.internal.DefaultFileLockManager] Releasing lock on daemon addresses registry.
2021-03-12T16:24:24.615-0800 [DEBUG] [org.gradle.process.internal.health.memory.DefaultMemoryManager] 849325260 memory requested, 642535424 free
2021-03-12T16:24:24.615-0800 [DEBUG] [org.gradle.workers.internal.WorkerDaemonExpiration] Will attempt to release 809 of memory
2021-03-12T16:24:24.615-0800 [DEBUG] [org.gradle.process.internal.health.memory.DefaultMemoryManager] 849325260 memory requested, 0 released, 642535424 free
2021-03-12T16:24:28.168-0800 [DEBUG] [org.gradle.internal.remote.internal.inet.TcpIncomingConnector] Accepted connection from /127.0.0.1:49835 to /127.0.0.1:49653.
2021-03-12T16:24:28.175-0800 [DEBUG] [org.gradle.launcher.daemon.server.SynchronizedDispatchConnection] thread 198: received class org.gradle.launcher.daemon.protocol.Stop
2021-03-12T16:24:28.175-0800 [DEBUG] [org.gradle.launcher.daemon.server.DefaultDaemonConnection] thread 198: Received non-IO message from client: Stop[id=f419a118-dfec-4c53-ae34-4a205cec4322]
2021-03-12T16:24:28.176-0800 [INFO] [org.gradle.launcher.daemon.server.DefaultIncomingConnectionHandler] Received command: Stop[id=f419a118-dfec-4c53-ae34-4a205cec4322].
2021-03-12T16:24:28.176-0800 [DEBUG] [org.gradle.launcher.daemon.server.DefaultIncomingConnectionHandler] Starting executing command: Stop[id=f419a118-dfec-4c53-ae34-4a205cec4322] with connection: socket connection from /127.0.0.1:49653 to /127.0.0.1:49835.
2021-03-12T16:24:28.176-0800 [DEBUG] [org.gradle.launcher.daemon.server.DaemonRegistryUpdater] Storing daemon stop event: stop command received
2021-03-12T16:24:28.177-0800 [DEBUG] [org.gradle.launcher.daemon.registry.PersistentDaemonRegistry] Storing daemon stop event with timestamp 1615595068177
2021-03-12T16:24:28.178-0800 [DEBUG] [org.gradle.cache.internal.DefaultFileLockManager] Waiting to acquire exclusive lock on daemon addresses registry.
2021-03-12T16:24:28.179-0800 [DEBUG] [org.gradle.cache.internal.DefaultFileLockManager] Lock acquired on daemon addresses registry.
2021-03-12T16:24:28.180-0800 [DEBUG] [org.gradle.cache.internal.DefaultFileLockManager] Releasing lock on daemon addresses registry.
2021-03-12T16:24:28.180-0800 [LIFECYCLE] [org.gradle.launcher.daemon.server.DaemonStateCoordinator] Daemon is stopping immediately stop command received
2021-03-12T16:24:28.180-0800 [DEBUG] [org.gradle.launcher.daemon.server.DaemonStateCoordinator] Marking daemon stopped due to stop command received. The daemon is running a build: false
2021-03-12T16:24:28.181-0800 [DEBUG] [org.gradle.launcher.daemon.server.DaemonStateCoordinator] daemon has stopped.
2021-03-12T16:24:28.181-0800 [DEBUG] [org.gradle.launcher.daemon.server.SynchronizedDispatchConnection] thread 197: dispatching Success[value=null]
2021-03-12T16:24:28.181-0800 [DEBUG] [org.gradle.launcher.daemon.server.Daemon] stop() called on daemon
2021-03-12T16:24:28.181-0800 [DEBUG] [org.gradle.launcher.daemon.server.DefaultIncomingConnectionHandler] Finishing executing command: Stop[id=f419a118-dfec-4c53-ae34-4a205cec4322]
2021-03-12T16:24:28.181-0800 [INFO] [org.gradle.launcher.daemon.server.Daemon] Stop requested. Daemon is removing its presence from the registry...
2021-03-12T16:24:28.181-0800 [DEBUG] [org.gradle.launcher.daemon.server.SynchronizedDispatchConnection] thread 198: received class org.gradle.launcher.daemon.protocol.Finished
2021-03-12T16:24:28.181-0800 [DEBUG] [org.gradle.launcher.daemon.server.DefaultDaemonConnection] thread 198: Received non-IO message from client: org.gradle.launcher.daemon.protocol.Finished@51f0cd86
2021-03-12T16:24:28.181-0800 [DEBUG] [org.gradle.launcher.daemon.server.DaemonRegistryUpdater] Removing our presence to clients, eg. removing this address from the registry: [1629e11e-1b70-4d7d-a995-954a364dd68a port:49653, addresses:[localhost/127.0.0.1]]
2021-03-12T16:24:28.181-0800 [DEBUG] [org.gradle.launcher.daemon.server.DefaultIncomingConnectionHandler] Received finished message: org.gradle.launcher.daemon.protocol.Finished@51f0cd86
2021-03-12T16:24:28.182-0800 [DEBUG] [org.gradle.launcher.daemon.registry.PersistentDaemonRegistry] Removing daemon address: [1629e11e-1b70-4d7d-a995-954a364dd68a port:49653, addresses:[localhost/127.0.0.1]]
2021-03-12T16:24:28.182-0800 [DEBUG] [org.gradle.internal.remote.internal.inet.SocketConnection] Discarding EOFException: java.io.EOFException
2021-03-12T16:24:28.182-0800 [DEBUG] [org.gradle.launcher.daemon.server.SynchronizedDispatchConnection] thread 197: stopping connection
2021-03-12T16:24:28.182-0800 [DEBUG] [org.gradle.launcher.daemon.server.SynchronizedDispatchConnection] thread 198: received null
2021-03-12T16:24:28.182-0800 [DEBUG] [org.gradle.launcher.daemon.server.DefaultDaemonConnection] thread 198: Received end-of-input from client.
2021-03-12T16:24:28.183-0800 [DEBUG] [org.gradle.launcher.daemon.server.SynchronizedDispatchConnection] thread 197: stopping connection
2021-03-12T16:24:28.183-0800 [DEBUG] [org.gradle.cache.internal.DefaultFileLockManager] Waiting to acquire exclusive lock on daemon addresses registry.
2021-03-12T16:24:28.184-0800 [DEBUG] [org.gradle.cache.internal.DefaultFileLockManager] Lock acquired on daemon addresses registry.
2021-03-12T16:24:28.185-0800 [DEBUG] [org.gradle.cache.internal.DefaultFileLockManager] Releasing lock on daemon addresses registry.
2021-03-12T16:24:28.185-0800 [DEBUG] [org.gradle.launcher.daemon.server.DaemonRegistryUpdater] Address removed from registry.
2021-03-12T16:24:28.187-0800 [DEBUG] [org.gradle.cache.internal.LockOnDemandCrossProcessCacheAccess] Releasing file lock for jars (C:\Users\rajshekar\.gradle\caches\jars-8)
2021-03-12T16:24:28.187-0800 [DEBUG] [org.gradle.cache.internal.DefaultFileLockManager] Releasing lock on jars (C:\Users\rajshekar\.gradle\caches\jars-8).
2021-03-12T16:24:28.188-0800 [DEBUG] [org.gradle.cache.internal.DefaultPersistentDirectoryStore] jars (C:\Users\rajshekar\.gradle\caches\jars-8) has last been fully cleaned up 15 hours ago
2021-03-12T16:24:28.208-0800 [DEBUG] [org.gradle.cache.internal.LockOnDemandCrossProcessCacheAccess] Releasing file lock for file content cache (C:\Users\rajshekar\.gradle\caches\6.5\fileContent)
2021-03-12T16:24:28.208-0800 [DEBUG] [org.gradle.cache.internal.DefaultFileLockManager] Releasing lock on file content cache (C:\Users\rajshekar\.gradle\caches\6.5\fileContent).
2021-03-12T16:24:28.209-0800 [DEBUG] [org.gradle.cache.internal.LockOnDemandCrossProcessCacheAccess] Releasing file lock for Java compile cache (C:\Users\rajshekar\.gradle\caches\6.5\javaCompile)
2021-03-12T16:24:28.209-0800 [DEBUG] [org.gradle.cache.internal.btree.BTreePersistentIndexedCache] Closing cache jarAnalysis.bin (C:\Users\rajshekar\.gradle\caches\6.5\javaCompile\jarAnalysis.bin)
2021-03-12T16:24:28.209-0800 [DEBUG] [org.gradle.cache.internal.DefaultFileLockManager] Releasing lock on Java compile cache (C:\Users\rajshekar\.gradle\caches\6.5\javaCompile).
2021-03-12T16:24:28.210-0800 [DEBUG] [org.gradle.cache.internal.LockOnDemandCrossProcessCacheAccess] Releasing file lock for Artifact transforms cache (C:\Users\rajshekar\.gradle\caches\transforms-2)
2021-03-12T16:24:28.210-0800 [DEBUG] [org.gradle.cache.internal.DefaultFileLockManager] Releasing lock on Artifact transforms cache (C:\Users\rajshekar\.gradle\caches\transforms-2).
2021-03-12T16:24:28.211-0800 [DEBUG] [org.gradle.cache.internal.DefaultPersistentDirectoryStore] Artifact transforms cache (C:\Users\rajshekar\.gradle\caches\transforms-2) has last been fully cleaned up 15 hours ago
2021-03-12T16:24:28.212-0800 [DEBUG] [org.gradle.cache.internal.LockOnDemandCrossProcessCacheAccess] Releasing file lock for artifact cache (C:\Users\rajshekar\.gradle\caches\modules-2)
2021-03-12T16:24:28.212-0800 [DEBUG] [org.gradle.cache.internal.btree.BTreePersistentIndexedCache] Closing cache module-artifacts.bin (C:\Users\rajshekar\.gradle\caches\modules-2\metadata-2.96\module-artifacts.bin)
2021-03-12T16:24:28.212-0800 [DEBUG] [org.gradle.cache.internal.btree.BTreePersistentIndexedCache] Closing cache module-metadata.bin (C:\Users\rajshekar\.gradle\caches\modules-2\metadata-2.96\module-metadata.bin)
2021-03-12T16:24:28.212-0800 [DEBUG] [org.gradle.cache.internal.btree.BTreePersistentIndexedCache] Closing cache module-artifact.bin (C:\Users\rajshekar\.gradle\caches\modules-2\metadata-2.96\module-artifact.bin)
2021-03-12T16:24:28.212-0800 [DEBUG] [org.gradle.cache.internal.DefaultFileLockManager] Releasing lock on artifact cache (C:\Users\rajshekar\.gradle\caches\modules-2).
2021-03-12T16:24:28.213-0800 [DEBUG] [org.gradle.cache.internal.DefaultPersistentDirectoryStore] artifact cache (C:\Users\rajshekar\.gradle\caches\modules-2) has last been fully cleaned up 15 hours ago
2021-03-12T16:24:28.213-0800 [DEBUG] [org.gradle.cache.internal.LockOnDemandCrossProcessCacheAccess] Releasing file lock for journal cache (C:\Users\rajshekar\.gradle\caches\journal-1)
2021-03-12T16:24:28.214-0800 [DEBUG] [org.gradle.cache.internal.btree.BTreePersistentIndexedCache] Closing cache file-access.bin (C:\Users\rajshekar\.gradle\caches\journal-1\file-access.bin)
2021-03-12T16:24:28.214-0800 [DEBUG] [org.gradle.cache.internal.DefaultFileLockManager] Releasing lock on journal cache (C:\Users\rajshekar\.gradle\caches\journal-1).
2021-03-12T16:24:28.214-0800 [DEBUG] [org.gradle.cache.internal.DefaultCacheAccess] Cache Generated Gradle JARs cache (C:\Users\rajshekar\.gradle\caches\6.5\generated-gradle-jars) was closed 0 times.
2021-03-12T16:24:28.215-0800 [DEBUG] [org.gradle.cache.internal.LockOnDemandCrossProcessCacheAccess] Releasing file lock for file hash cache (C:\Users\rajshekar\.gradle\caches\6.5\fileHashes)
2021-03-12T16:24:28.215-0800 [DEBUG] [org.gradle.cache.internal.btree.BTreePersistentIndexedCache] Closing cache fileHashes.bin (C:\Users\rajshekar\.gradle\caches\6.5\fileHashes\fileHashes.bin)
2021-03-12T16:24:28.215-0800 [DEBUG] [org.gradle.cache.internal.btree.BTreePersistentIndexedCache] Closing cache resourceHashesCache.bin (C:\Users\rajshekar\.gradle\caches\6.5\fileHashes\resourceHashesCache.bin)
2021-03-12T16:24:28.215-0800 [DEBUG] [org.gradle.cache.internal.DefaultFileLockManager] Releasing lock on file hash cache (C:\Users\rajshekar\.gradle\caches\6.5\fileHashes).
2021-03-12T16:24:28.216-0800 [DEBUG] [org.gradle.cache.internal.LockOnDemandCrossProcessCacheAccess] Releasing file lock for execution history cache (C:\Users\rajshekar\.gradle\caches\6.5\executionHistory)
2021-03-12T16:24:28.216-0800 [DEBUG] [org.gradle.cache.internal.btree.BTreePersistentIndexedCache] Closing cache executionHistory.bin (C:\Users\rajshekar\.gradle\caches\6.5\executionHistory\executionHistory.bin)
2021-03-12T16:24:28.216-0800 [DEBUG] [org.gradle.cache.internal.DefaultFileLockManager] Releasing lock on execution history cache (C:\Users\rajshekar\.gradle\caches\6.5\executionHistory).
Daemon vm is shutting down... The daemon has exited normally or was terminated in response to a user interrupt.
2021-03-12T16:24:28.218-0800 [DEBUG] [org.gradle.launcher.daemon.registry.PersistentDaemonRegistry] Removing daemon address: [1629e11e-1b70-4d7d-a995-954a364dd68a port:49653, addresses:[localhost/127.0.0.1]]
2021-03-12T16:24:28.219-0800 [DEBUG] [org.gradle.cache.internal.DefaultFileLockManager] Waiting to acquire exclusive lock on daemon addresses registry.
2021-03-12T16:24:28.219-0800 [DEBUG] [org.gradle.cache.internal.DefaultFileLockManager] Lock acquired on daemon addresses registry.
2021-03-12T16:24:28.220-0800 [DEBUG] [org.gradle.cache.internal.DefaultFileLockManager] Releasing lock on daemon addresses registry.
