00:00:00.005280 main     VirtualBox COM Server 6.1.18 r142142 win.amd64 (Jan  7 2021 15:32:19) release log
00:00:00.005284 main     Log opened 2023-05-28T22:56:48.194989800Z
00:00:00.005284 main     Build Type: release
00:00:00.005304 main     OS Product: Windows 10
00:00:00.005309 main     OS Release: 10.0.22624
00:00:00.005310 main     OS Service Pack: 
00:00:00.067697 main     DMI Product Name: 82AU
00:00:00.085701 main     DMI Product Version: Lenovo Legion 5 15IMH05
00:00:00.085708 main     Firmware type: UEFI
00:00:00.086035 main     Secure Boot: VERR_PRIVILEGE_NOT_HELD
00:00:00.086589 main     Host RAM: 8099MB (7.9GB) total, 1823MB available
00:00:00.086592 main     Executable: C:\Program Files\Oracle\VirtualBox\VBoxSVC.exe
00:00:00.086593 main     Process ID: 19860
00:00:00.086593 main     Package type: WINDOWS_64BITS_GENERIC
00:00:00.155532          VirtualBox: object creation starts
00:00:00.156002          Home directory: 'C:\Users\rajshekar\.VirtualBox'
00:00:00.156217          Installed Drivers:
00:00:00.158507            C:\WINDOWS\system32\DRIVERS\VBoxNetLwf.sys (Version: 6.1.18.42142)
00:00:00.159355            C:\WINDOWS\system32\DRIVERS\VBoxUSBMon.sys (Version: 6.1.18.42142)
00:00:00.159925            C:\WINDOWS\system32\DRIVERS\VBoxDrv.sys (Version: 6.1.18.42142)
00:00:00.173698          Loading settings file "C:\Users\rajshekar\.VirtualBox\VirtualBox.xml" with version "1.12-windows"
00:00:00.181918          usbLibGetDevices: Starting USB device enumeration
00:00:00.182089          Getting USB descriptor (id 0) failed (dwErr=31) on hub USB#ROOT_HUB30#4&2fb5cead&0&0#{f18a0e88-c30c-11d0-8815-00a0c906bed8} port 6
00:00:00.189891          Getting USB descriptor (id 0) failed (dwErr=31) on hub USB#ROOT_HUB30#4&2fb5cead&0&0#{f18a0e88-c30c-11d0-8815-00a0c906bed8} port 14
00:00:00.190531          usbLibGetDevices: Found 3 USB devices, 0 captured
00:00:00.193589          USB: Unknown USB device detected (idVendor: 0x04f2, idProduct: 0xb6c2)
00:00:00.193644          USB: Unknown USB device detected (idVendor: 0x8087, idProduct: 0x0026)
00:00:00.303651          netIfIsWireless: CreateFile on '\\.\{56E43057-F4B4-4424-B7D1-C5FA8F15851C}' failed with rcWin=2 (0x2) - ignoring
00:00:00.304748          netIfIsWireless: CreateFile on '\\.\{9E876001-6C49-4CD5-A254-BE5C5692012D}' failed with rcWin=2 (0x2) - ignoring
00:00:00.305161          netIfIsWireless: CreateFile on '\\.\{328884FC-E2F7-4AB5-B98B-143EA4A71159}' failed with rcWin=2 (0x2) - ignoring
00:00:00.310825          HostDnsMonitor: initializing
00:00:00.316685          HostDnsMonitor: updating information
00:00:00.317197          HostDnsMonitor: old information
00:00:00.317199            no server entries
00:00:00.317199            no domain set
00:00:00.317200            no search string entries
00:00:00.317200          HostDnsMonitor: new information
00:00:00.317200            server 1: 192.168.159.254
00:00:00.317201            no domain set
00:00:00.317201            no search string entries
00:00:00.475479          VD: VDInit finished with VINF_SUCCESS
00:00:00.490606          Loading settings file "C:\Users\rajshekar\VirtualBox VMs\kali linux2020.4\kali linux2020.4.vbox" with version "1.16-windows"
00:00:00.521854          OCI: Local config file 'C:\Users\rajshekar\.VirtualBox\oci_config' does not exist
00:00:00.522056          OCI: Original config file 'C:\Users\rajshekar\.oci\config' does not exist
00:00:00.522058          OCI: Reading profiles finished with status ERROR_SUCCESS
00:00:00.522340          ExtPack: Created cloud provider 'OCI' (hrc=ERROR_SUCCESS)
00:00:00.522377          VirtualBox: object created
00:00:06.262520          Saving settings file "C:\Users\rajshekar\.VirtualBox\VirtualBox.xml" with version "1.12-windows"
00:00:06.277926          Saving settings file "C:\Users\rajshekar\.VirtualBox\VirtualBox.xml" with version "1.12-windows"
00:00:07.531506          Launched VM: 61762688 pid: 12696 (0x3198) frontend: GUI/Qt name: kali linux2020.4
00:00:12.011033          Load [C:\Program Files\Oracle\VirtualBox\ExtensionPacks\Oracle_VM_VirtualBox_Extension_Pack\win.amd64\VBoxHostWebcam.DLL] vrc=VINF_SUCCESS
00:00:12.149805          ERROR [COM]: aRC=VBOX_E_IPRT_ERROR (0x80bb0005) aIID={85632c68-b5bb-4316-a900-5eb28d3413df} aComponent={SessionMachine} aText={Saved screenshot data is not available (VERR_NOT_SUPPORTED)}, preserve=false aResultDetail=-37
00:00:12.521936          netIfIsWireless: CreateFile on '\\.\{56E43057-F4B4-4424-B7D1-C5FA8F15851C}' failed with rcWin=2 (0x2) - ignoring
00:00:12.523061          netIfIsWireless: CreateFile on '\\.\{9E876001-6C49-4CD5-A254-BE5C5692012D}' failed with rcWin=2 (0x2) - ignoring
00:00:12.523593          netIfIsWireless: CreateFile on '\\.\{328884FC-E2F7-4AB5-B98B-143EA4A71159}' failed with rcWin=2 (0x2) - ignoring
00:05:50.186683          Saving settings file "C:\Users\rajshekar\VirtualBox VMs\kali linux2020.4\kali linux2020.4.vbox" with version "1.16-windows"
00:05:55.051841          Saving settings file "C:\Users\rajshekar\.VirtualBox\VirtualBox.xml" with version "1.12-windows"
00:05:55.056428          Saving settings file "C:\Users\rajshekar\.VirtualBox\VirtualBox.xml" with version "1.12-windows"
00:06:00.571721 main     VirtualBox: object deletion starts
00:06:00.580394 main     ERROR [COM]: aRC=VBOX_E_OBJECT_IN_USE (0x80bb000c) aIID={ad47ad09-787b-44ab-b343-a082a3f2dfb1} aComponent={MediumWrap} aText={Medium 'C:\Users\rajshekar\VirtualBox VMs\kali linux2020.4\kali linux2020.4.vdi' cannot be closed because it is still attached to 1 virtual machines}, preserve=false aResultDetail=0
00:06:00.587289 main     HostDnsMonitor: shutting down ...
00:06:00.587534 main     HostDnsMonitor: shut down
00:06:00.599468 Watcher  ERROR [COM]: aRC=E_ACCESSDENIED (0x80070005) aIID={d0a0163f-e254-4e5b-a1f2-011cf991c38d} aComponent={VirtualBoxWrap} aText={The object is not ready}, preserve=false aResultDetail=0
00:06:00.599799 main     VirtualBox: object deleted
